mode: atomic
bloco-eth/cmd/bloco-eth/main.go:24.13,34.39 5 0
bloco-eth/cmd/bloco-eth/main.go:34.39,37.3 2 0
bloco-eth/cmd/bloco-eth/main.go:40.2,47.16 2 0
bloco-eth/cmd/bloco-eth/main.go:47.16,50.3 2 0
bloco-eth/cmd/bloco-eth/main.go:54.68,60.12 4 0
bloco-eth/cmd/bloco-eth/main.go:60.12,64.3 3 0
bloco-eth/cmd/bloco-eth/main.go:66.2,66.20 1 0
bloco-eth/cmd/bloco-eth/main.go:70.29,71.50 1 0
bloco-eth/cmd/bloco-eth/main.go:71.50,76.32 2 0
bloco-eth/cmd/bloco-eth/main.go:76.32,78.45 2 0
bloco-eth/cmd/bloco-eth/main.go:78.45,80.5 1 0
bloco-eth/cmd/bloco-eth/main.go:84.3,84.64 1 0
bloco-eth/cmd/bloco-eth/main.go:84.64,86.41 2 0
bloco-eth/cmd/bloco-eth/main.go:86.41,88.5 1 0
bloco-eth/cmd/bloco-eth/main.go:90.8,93.3 1 0
bloco-eth/internal/config/config.go:80.30,129.2 1 24
bloco-eth/internal/config/config.go:132.40,134.58 1 2
bloco-eth/internal/config/config.go:134.58,135.63 1 0
bloco-eth/internal/config/config.go:135.63,137.4 1 0
bloco-eth/internal/config/config.go:140.2,140.65 1 2
bloco-eth/internal/config/config.go:140.65,141.65 1 0
bloco-eth/internal/config/config.go:141.65,143.4 1 0
bloco-eth/internal/config/config.go:147.2,147.60 1 2
bloco-eth/internal/config/config.go:147.60,149.3 1 0
bloco-eth/internal/config/config.go:151.2,151.66 1 2
bloco-eth/internal/config/config.go:151.66,153.3 1 0
bloco-eth/internal/config/config.go:156.2,156.33 1 2
bloco-eth/internal/config/config.go:156.33,158.3 1 0
bloco-eth/internal/config/config.go:161.2,161.58 1 2
bloco-eth/internal/config/config.go:161.58,163.3 1 0
bloco-eth/internal/config/config.go:165.2,165.52 1 2
bloco-eth/internal/config/config.go:165.52,167.3 1 0
bloco-eth/internal/config/config.go:170.2,170.83 1 2
bloco-eth/internal/config/config.go:170.83,172.3 1 0
bloco-eth/internal/config/config.go:174.2,174.71 1 2
bloco-eth/internal/config/config.go:174.71,176.3 1 0
bloco-eth/internal/config/config.go:178.2,178.71 1 2
bloco-eth/internal/config/config.go:178.71,180.3 1 0
bloco-eth/internal/config/config.go:182.2,182.73 1 2
bloco-eth/internal/config/config.go:182.73,184.3 1 0
bloco-eth/internal/config/config.go:186.2,186.77 1 2
bloco-eth/internal/config/config.go:186.77,188.3 1 0
bloco-eth/internal/config/config.go:191.2,191.80 1 2
bloco-eth/internal/config/config.go:191.80,193.3 1 1
bloco-eth/internal/config/config.go:195.2,195.62 1 2
bloco-eth/internal/config/config.go:195.62,197.3 1 1
bloco-eth/internal/config/config.go:199.2,199.65 1 2
bloco-eth/internal/config/config.go:199.65,201.3 1 1
bloco-eth/internal/config/config.go:203.2,203.59 1 2
bloco-eth/internal/config/config.go:203.59,205.3 1 1
bloco-eth/internal/config/config.go:209.35,211.31 1 4
bloco-eth/internal/config/config.go:211.31,213.3 1 0
bloco-eth/internal/config/config.go:215.2,215.32 1 4
bloco-eth/internal/config/config.go:215.32,217.3 1 0
bloco-eth/internal/config/config.go:219.2,219.32 1 4
bloco-eth/internal/config/config.go:219.32,221.3 1 0
bloco-eth/internal/config/config.go:223.2,223.51 1 4
bloco-eth/internal/config/config.go:223.51,226.3 1 0
bloco-eth/internal/config/config.go:229.2,229.33 1 4
bloco-eth/internal/config/config.go:229.33,231.3 1 0
bloco-eth/internal/config/config.go:233.2,233.29 1 4
bloco-eth/internal/config/config.go:233.29,235.3 1 0
bloco-eth/internal/config/config.go:238.2,239.55 2 4
bloco-eth/internal/config/config.go:239.55,242.3 1 0
bloco-eth/internal/config/config.go:245.2,246.59 2 4
bloco-eth/internal/config/config.go:246.59,249.3 1 0
bloco-eth/internal/config/config.go:252.2,252.28 1 4
bloco-eth/internal/config/config.go:252.28,254.3 1 0
bloco-eth/internal/config/config.go:257.2,257.44 1 4
bloco-eth/internal/config/config.go:257.44,259.3 1 0
bloco-eth/internal/config/config.go:262.2,262.32 1 4
bloco-eth/internal/config/config.go:262.32,264.3 1 0
bloco-eth/internal/config/config.go:266.2,267.60 2 4
bloco-eth/internal/config/config.go:267.60,270.3 1 0
bloco-eth/internal/config/config.go:272.2,273.62 2 4
bloco-eth/internal/config/config.go:273.62,276.3 1 0
bloco-eth/internal/config/config.go:278.2,278.59 1 4
bloco-eth/internal/config/config.go:278.59,280.3 1 0
bloco-eth/internal/config/config.go:283.2,284.48 2 4
bloco-eth/internal/config/config.go:284.48,287.3 1 1
bloco-eth/internal/config/config.go:289.2,290.50 2 3
bloco-eth/internal/config/config.go:290.50,293.3 1 1
bloco-eth/internal/config/config.go:295.2,295.32 1 2
bloco-eth/internal/config/config.go:295.32,297.3 1 1
bloco-eth/internal/config/config.go:299.2,299.28 1 1
bloco-eth/internal/config/config.go:299.28,301.3 1 0
bloco-eth/internal/config/config.go:303.2,303.30 1 1
bloco-eth/internal/config/config.go:303.30,305.3 1 0
bloco-eth/internal/config/config.go:307.2,307.12 1 1
bloco-eth/internal/config/config.go:311.60,312.34 1 1
bloco-eth/internal/config/config.go:312.34,314.3 1 0
bloco-eth/internal/config/config.go:316.2,316.33 1 1
bloco-eth/internal/config/config.go:316.33,318.3 1 0
bloco-eth/internal/config/config.go:320.2,320.36 1 1
bloco-eth/internal/config/config.go:320.36,322.3 1 0
bloco-eth/internal/config/config.go:324.2,324.32 1 1
bloco-eth/internal/config/config.go:324.32,326.3 1 0
bloco-eth/internal/config/config.go:328.2,328.38 1 1
bloco-eth/internal/config/config.go:328.38,330.3 1 0
bloco-eth/internal/config/config.go:332.2,332.40 1 1
bloco-eth/internal/config/config.go:332.40,334.3 1 0
bloco-eth/internal/config/config.go:336.2,336.34 1 1
bloco-eth/internal/config/config.go:336.34,338.3 1 0
bloco-eth/internal/config/config.go:340.2,340.32 1 1
bloco-eth/internal/config/config.go:340.32,342.3 1 0
bloco-eth/internal/config/config.go:344.2,344.38 1 1
bloco-eth/internal/config/config.go:344.38,346.3 1 0
bloco-eth/internal/config/config.go:348.2,348.36 1 1
bloco-eth/internal/config/config.go:348.36,350.3 1 0
bloco-eth/internal/config/config.go:352.2,352.37 1 1
bloco-eth/internal/config/config.go:352.37,354.3 1 1
bloco-eth/internal/config/config.go:356.2,356.31 1 1
bloco-eth/internal/config/config.go:356.31,358.3 1 1
bloco-eth/internal/config/config.go:360.2,360.32 1 1
bloco-eth/internal/config/config.go:360.32,362.3 1 1
bloco-eth/internal/config/config.go:364.2,364.30 1 1
bloco-eth/internal/config/config.go:364.30,366.3 1 1
bloco-eth/internal/config/config.go:388.53,389.15 1 1
bloco-eth/internal/config/config.go:390.52,391.14 1 0
bloco-eth/internal/config/config.go:392.45,393.15 1 1
bloco-eth/internal/config/config.go:394.10,395.18 1 0
bloco-eth/internal/config/config.go:400.49,401.26 1 23
bloco-eth/internal/config/config.go:401.26,402.16 1 38
bloco-eth/internal/config/config.go:402.16,404.4 1 21
bloco-eth/internal/config/config.go:406.2,406.14 1 2
bloco-eth/internal/config/config.go:410.48,412.43 2 0
bloco-eth/internal/config/config.go:412.43,414.3 1 0
bloco-eth/internal/config/config.go:415.2,415.29 1 0
bloco-eth/internal/config/config.go:419.38,420.20 1 0
bloco-eth/internal/config/config.go:420.20,422.3 1 0
bloco-eth/internal/config/config.go:425.2,431.35 2 0
bloco-eth/internal/config/config.go:431.35,432.30 1 0
bloco-eth/internal/config/config.go:432.30,434.4 1 0
bloco-eth/internal/config/config.go:437.2,437.13 1 0
bloco-eth/internal/cli/commands.go:38.92,48.2 3 0
bloco-eth/internal/cli/commands.go:51.67,53.2 1 0
bloco-eth/internal/cli/commands.go:56.41,75.2 5 0
bloco-eth/internal/cli/commands.go:78.42,115.2 26 0
bloco-eth/internal/cli/commands.go:118.142,122.2 2 0
bloco-eth/internal/cli/commands.go:125.81,129.44 2 0
bloco-eth/internal/cli/commands.go:129.44,132.3 1 0
bloco-eth/internal/cli/commands.go:135.2,136.16 2 0
bloco-eth/internal/cli/commands.go:136.16,139.3 1 0
bloco-eth/internal/cli/commands.go:141.2,151.16 7 0
bloco-eth/internal/cli/commands.go:151.16,153.3 1 0
bloco-eth/internal/cli/commands.go:156.2,156.43 1 0
bloco-eth/internal/cli/commands.go:156.43,159.3 1 0
bloco-eth/internal/cli/commands.go:160.2,160.15 1 0
bloco-eth/internal/cli/commands.go:160.15,161.47 1 0
bloco-eth/internal/cli/commands.go:161.47,164.4 1 0
bloco-eth/internal/cli/commands.go:168.2,168.16 1 0
bloco-eth/internal/cli/commands.go:168.16,170.3 1 0
bloco-eth/internal/cli/commands.go:170.8,172.3 1 0
bloco-eth/internal/cli/commands.go:181.9,187.36 3 0
bloco-eth/internal/cli/commands.go:187.36,190.3 1 0
bloco-eth/internal/cli/commands.go:192.2,192.41 1 0
bloco-eth/internal/cli/commands.go:192.41,194.3 1 0
bloco-eth/internal/cli/commands.go:197.2,197.78 1 0
bloco-eth/internal/cli/commands.go:205.9,242.12 12 0
bloco-eth/internal/cli/commands.go:242.12,246.7 3 0
bloco-eth/internal/cli/commands.go:246.7,247.11 1 0
bloco-eth/internal/cli/commands.go:248.24,251.11 2 0
bloco-eth/internal/cli/commands.go:253.20,262.50 4 0
bloco-eth/internal/cli/commands.go:262.50,264.31 2 0
bloco-eth/internal/cli/commands.go:264.31,266.7 1 0
bloco-eth/internal/cli/commands.go:270.5,281.7 1 0
bloco-eth/internal/cli/commands.go:283.49,284.12 1 0
bloco-eth/internal/cli/commands.go:284.12,286.29 1 0
bloco-eth/internal/cli/commands.go:286.29,286.52 1 0
bloco-eth/internal/cli/commands.go:287.6,287.12 1 0
bloco-eth/internal/cli/commands.go:291.5,310.15 3 0
bloco-eth/internal/cli/commands.go:310.15,312.29 2 0
bloco-eth/internal/cli/commands.go:312.29,312.52 1 0
bloco-eth/internal/cli/commands.go:319.2,322.12 3 0
bloco-eth/internal/cli/commands.go:322.12,327.17 3 0
bloco-eth/internal/cli/commands.go:327.17,329.27 2 0
bloco-eth/internal/cli/commands.go:329.27,329.50 1 0
bloco-eth/internal/cli/commands.go:330.4,330.10 1 0
bloco-eth/internal/cli/commands.go:333.3,336.34 2 0
bloco-eth/internal/cli/commands.go:336.34,337.90 1 0
bloco-eth/internal/cli/commands.go:337.90,338.34 1 0
bloco-eth/internal/cli/commands.go:338.34,340.6 1 0
bloco-eth/internal/cli/commands.go:345.3,345.10 1 0
bloco-eth/internal/cli/commands.go:353.5,353.5 0 0
bloco-eth/internal/cli/commands.go:354.21,354.21 0 0
bloco-eth/internal/cli/commands.go:358.3,358.27 1 0
bloco-eth/internal/cli/commands.go:362.2,362.41 1 0
bloco-eth/internal/cli/commands.go:362.41,365.3 2 0
bloco-eth/internal/cli/commands.go:368.2,368.19 1 0
bloco-eth/internal/cli/commands.go:368.19,371.3 1 0
bloco-eth/internal/cli/commands.go:374.2,374.19 1 0
bloco-eth/internal/cli/commands.go:374.19,376.3 1 0
bloco-eth/internal/cli/commands.go:378.2,378.18 1 0
bloco-eth/internal/cli/commands.go:387.9,388.47 1 0
bloco-eth/internal/cli/commands.go:388.47,392.3 3 0
bloco-eth/internal/cli/commands.go:396.2,400.16 3 0
bloco-eth/internal/cli/commands.go:400.16,401.48 1 0
bloco-eth/internal/cli/commands.go:401.48,403.4 1 0
bloco-eth/internal/cli/commands.go:404.3,405.51 1 0
bloco-eth/internal/cli/commands.go:410.2,410.47 1 0
bloco-eth/internal/cli/commands.go:410.47,412.3 1 0
bloco-eth/internal/cli/commands.go:415.2,415.54 1 0
bloco-eth/internal/cli/commands.go:425.9,431.36 3 0
bloco-eth/internal/cli/commands.go:431.36,434.3 1 0
bloco-eth/internal/cli/commands.go:436.2,436.41 1 0
bloco-eth/internal/cli/commands.go:436.41,438.3 1 0
bloco-eth/internal/cli/commands.go:441.2,441.88 1 0
bloco-eth/internal/cli/commands.go:450.9,490.12 15 0
bloco-eth/internal/cli/commands.go:490.12,494.7 3 0
bloco-eth/internal/cli/commands.go:494.7,495.11 1 0
bloco-eth/internal/cli/commands.go:496.24,499.11 2 0
bloco-eth/internal/cli/commands.go:501.20,517.53 8 0
bloco-eth/internal/cli/commands.go:517.53,519.23 2 0
bloco-eth/internal/cli/commands.go:519.23,524.7 3 0
bloco-eth/internal/cli/commands.go:525.11,525.57 1 0
bloco-eth/internal/cli/commands.go:525.57,529.31 3 0
bloco-eth/internal/cli/commands.go:529.31,531.7 1 0
bloco-eth/internal/cli/commands.go:535.5,546.7 1 0
bloco-eth/internal/cli/commands.go:548.49,549.12 1 0
bloco-eth/internal/cli/commands.go:549.12,551.29 1 0
bloco-eth/internal/cli/commands.go:551.29,551.52 1 0
bloco-eth/internal/cli/commands.go:552.6,552.12 1 0
bloco-eth/internal/cli/commands.go:556.5,580.21 7 0
bloco-eth/internal/cli/commands.go:580.21,582.16 1 0
bloco-eth/internal/cli/commands.go:582.16,584.30 2 0
bloco-eth/internal/cli/commands.go:584.30,584.53 1 0
bloco-eth/internal/cli/commands.go:592.2,594.12 2 0
bloco-eth/internal/cli/commands.go:594.12,600.30 3 0
bloco-eth/internal/cli/commands.go:600.30,601.11 1 0
bloco-eth/internal/cli/commands.go:602.22,604.28 2 0
bloco-eth/internal/cli/commands.go:604.28,604.51 1 0
bloco-eth/internal/cli/commands.go:605.5,605.11 1 0
bloco-eth/internal/cli/commands.go:606.12,606.12 0 0
bloco-eth/internal/cli/commands.go:609.4,610.18 2 0
bloco-eth/internal/cli/commands.go:610.18,612.12 1 0
bloco-eth/internal/cli/commands.go:616.7,616.7 0 0
bloco-eth/internal/cli/commands.go:617.23,618.12 1 0
bloco-eth/internal/cli/commands.go:622.5,625.13 4 0
bloco-eth/internal/cli/commands.go:628.4,631.35 2 0
bloco-eth/internal/cli/commands.go:631.35,632.88 1 0
bloco-eth/internal/cli/commands.go:632.88,633.35 1 0
bloco-eth/internal/cli/commands.go:633.35,635.7 1 0
bloco-eth/internal/cli/commands.go:640.4,645.11 4 0
bloco-eth/internal/cli/commands.go:653.6,653.6 0 0
bloco-eth/internal/cli/commands.go:654.22,655.11 1 0
bloco-eth/internal/cli/commands.go:661.3,661.27 1 0
bloco-eth/internal/cli/commands.go:665.2,665.41 1 0
bloco-eth/internal/cli/commands.go:665.41,668.3 2 0
bloco-eth/internal/cli/commands.go:671.2,671.19 1 0
bloco-eth/internal/cli/commands.go:671.19,674.3 1 0
bloco-eth/internal/cli/commands.go:677.2,677.12 1 0
bloco-eth/internal/cli/commands.go:687.9,688.47 1 0
bloco-eth/internal/cli/commands.go:688.47,692.3 3 0
bloco-eth/internal/cli/commands.go:694.2,702.23 5 0
bloco-eth/internal/cli/commands.go:702.23,704.17 2 0
bloco-eth/internal/cli/commands.go:704.17,705.49 1 0
bloco-eth/internal/cli/commands.go:705.49,707.5 1 0
bloco-eth/internal/cli/commands.go:710.4,710.12 1 0
bloco-eth/internal/cli/commands.go:713.3,720.35 3 0
bloco-eth/internal/cli/commands.go:720.35,723.4 1 0
bloco-eth/internal/cli/commands.go:726.2,726.47 1 0
bloco-eth/internal/cli/commands.go:726.47,728.3 1 0
bloco-eth/internal/cli/commands.go:731.2,731.102 1 0
bloco-eth/internal/cli/commands.go:735.61,749.2 5 0
bloco-eth/internal/cli/commands.go:752.76,754.16 2 0
bloco-eth/internal/cli/commands.go:754.16,757.3 1 0
bloco-eth/internal/cli/commands.go:760.2,767.41 5 0
bloco-eth/internal/cli/commands.go:767.41,769.3 1 0
bloco-eth/internal/cli/commands.go:772.2,772.63 1 0
bloco-eth/internal/cli/commands.go:776.121,799.41 5 0
bloco-eth/internal/cli/commands.go:799.41,803.3 2 0
bloco-eth/internal/cli/commands.go:805.2,805.12 1 0
bloco-eth/internal/cli/commands.go:809.122,822.31 9 0
bloco-eth/internal/cli/commands.go:822.31,823.24 1 0
bloco-eth/internal/cli/commands.go:823.24,828.4 2 0
bloco-eth/internal/cli/commands.go:831.2,831.12 1 0
bloco-eth/internal/cli/commands.go:835.65,849.2 5 0
bloco-eth/internal/cli/commands.go:852.79,863.41 7 0
bloco-eth/internal/cli/commands.go:863.41,865.3 1 0
bloco-eth/internal/cli/commands.go:868.2,868.64 1 0
bloco-eth/internal/cli/commands.go:872.121,877.43 2 0
bloco-eth/internal/cli/commands.go:877.43,880.3 1 0
bloco-eth/internal/cli/commands.go:881.2,881.15 1 0
bloco-eth/internal/cli/commands.go:881.15,882.47 1 0
bloco-eth/internal/cli/commands.go:882.47,884.4 1 0
bloco-eth/internal/cli/commands.go:888.2,895.12 4 0
bloco-eth/internal/cli/commands.go:895.12,901.17 3 0
bloco-eth/internal/cli/commands.go:901.17,904.4 2 0
bloco-eth/internal/cli/commands.go:907.3,907.58 1 0
bloco-eth/internal/cli/commands.go:911.2,911.41 1 0
bloco-eth/internal/cli/commands.go:911.41,915.3 2 0
bloco-eth/internal/cli/commands.go:917.2,917.12 1 0
bloco-eth/internal/cli/commands.go:921.122,931.43 6 0
bloco-eth/internal/cli/commands.go:931.43,934.3 1 0
bloco-eth/internal/cli/commands.go:935.2,935.15 1 0
bloco-eth/internal/cli/commands.go:935.15,936.47 1 0
bloco-eth/internal/cli/commands.go:936.47,938.4 1 0
bloco-eth/internal/cli/commands.go:942.2,943.16 2 0
bloco-eth/internal/cli/commands.go:943.16,946.3 1 0
bloco-eth/internal/cli/commands.go:949.2,949.54 1 0
bloco-eth/internal/cli/commands.go:953.63,957.48 1 0
bloco-eth/internal/cli/commands.go:957.48,961.4 3 0
bloco-eth/internal/cli/commands.go:968.62,970.63 1 0
bloco-eth/internal/cli/commands.go:970.63,971.19 1 0
bloco-eth/internal/cli/commands.go:971.19,974.4 1 0
bloco-eth/internal/cli/commands.go:974.9,976.4 1 0
bloco-eth/internal/cli/commands.go:980.2,980.59 1 0
bloco-eth/internal/cli/commands.go:980.59,982.3 1 0
bloco-eth/internal/cli/commands.go:984.2,984.53 1 0
bloco-eth/internal/cli/commands.go:984.53,986.3 1 0
bloco-eth/internal/cli/commands.go:989.2,989.48 1 0
bloco-eth/internal/cli/commands.go:989.48,991.3 1 0
bloco-eth/internal/cli/commands.go:994.2,994.69 1 0
bloco-eth/internal/cli/commands.go:994.69,996.3 1 0
bloco-eth/internal/cli/commands.go:999.2,999.41 1 0
bloco-eth/internal/cli/commands.go:999.41,1000.81 1 0
bloco-eth/internal/cli/commands.go:1000.81,1002.4 1 0
bloco-eth/internal/cli/commands.go:1006.2,1006.41 1 0
bloco-eth/internal/cli/commands.go:1006.41,1007.81 1 0
bloco-eth/internal/cli/commands.go:1007.81,1009.4 1 0
bloco-eth/internal/cli/commands.go:1013.2,1013.39 1 0
bloco-eth/internal/cli/commands.go:1013.39,1014.81 1 0
bloco-eth/internal/cli/commands.go:1014.81,1015.59 1 0
bloco-eth/internal/cli/commands.go:1015.59,1017.5 1 0
bloco-eth/internal/cli/commands.go:1022.2,1022.72 1 0
bloco-eth/internal/cli/commands.go:1022.72,1024.3 1 0
bloco-eth/internal/cli/commands.go:1027.2,1027.43 1 0
bloco-eth/internal/cli/commands.go:1027.43,1028.87 1 0
bloco-eth/internal/cli/commands.go:1028.87,1030.4 1 0
bloco-eth/internal/cli/commands.go:1034.2,1034.51 1 0
bloco-eth/internal/cli/commands.go:1034.51,1036.3 1 0
bloco-eth/internal/cli/commands.go:1039.2,1039.30 1 0
bloco-eth/internal/cli/commands.go:1043.69,1045.66 1 10
bloco-eth/internal/cli/commands.go:1045.66,1048.3 2 3
bloco-eth/internal/cli/commands.go:1051.2,1051.38 1 7
bloco-eth/internal/cli/commands.go:1051.38,1052.72 1 3
bloco-eth/internal/cli/commands.go:1052.72,1054.4 1 3
bloco-eth/internal/cli/commands.go:1058.2,1058.39 1 7
bloco-eth/internal/cli/commands.go:1058.39,1059.75 1 3
bloco-eth/internal/cli/commands.go:1059.75,1061.4 1 3
bloco-eth/internal/cli/commands.go:1065.2,1065.37 1 7
bloco-eth/internal/cli/commands.go:1065.37,1066.69 1 2
bloco-eth/internal/cli/commands.go:1066.69,1068.4 1 2
bloco-eth/internal/cli/commands.go:1072.2,1072.41 1 7
bloco-eth/internal/cli/commands.go:1072.41,1073.76 1 0
bloco-eth/internal/cli/commands.go:1073.76,1075.4 1 0
bloco-eth/internal/cli/commands.go:1079.2,1079.42 1 7
bloco-eth/internal/cli/commands.go:1079.42,1080.78 1 0
bloco-eth/internal/cli/commands.go:1080.78,1082.4 1 0
bloco-eth/internal/cli/commands.go:1086.2,1086.44 1 7
bloco-eth/internal/cli/commands.go:1086.44,1087.84 1 0
bloco-eth/internal/cli/commands.go:1087.84,1089.4 1 0
bloco-eth/internal/cli/commands.go:1092.2,1092.12 1 7
bloco-eth/internal/cli/commands.go:1096.67,1098.70 2 0
bloco-eth/internal/cli/commands.go:1098.70,1100.3 1 0
bloco-eth/internal/cli/commands.go:1103.2,1103.59 1 0
bloco-eth/internal/cli/commands.go:1104.16,1105.58 1 0
bloco-eth/internal/cli/commands.go:1105.58,1107.4 1 0
bloco-eth/internal/cli/commands.go:1108.50,1109.58 1 0
bloco-eth/internal/cli/commands.go:1109.58,1111.4 1 0
bloco-eth/internal/cli/commands.go:1112.10,1113.87 1 0
bloco-eth/internal/cli/commands.go:1116.2,1117.12 2 0
bloco-eth/internal/cli/commands.go:1121.83,1124.39 2 0
bloco-eth/internal/cli/commands.go:1124.39,1125.42 1 0
bloco-eth/internal/cli/commands.go:1125.42,1127.4 1 0
bloco-eth/internal/cli/commands.go:1131.2,1131.40 1 0
bloco-eth/internal/cli/commands.go:1131.40,1133.40 2 0
bloco-eth/internal/cli/commands.go:1133.40,1135.4 1 0
bloco-eth/internal/cli/commands.go:1136.3,1136.37 1 0
bloco-eth/internal/cli/commands.go:1136.37,1138.4 1 0
bloco-eth/internal/cli/commands.go:1139.8,1141.3 1 0
bloco-eth/internal/cli/commands.go:1144.2,1144.40 1 0
bloco-eth/internal/cli/commands.go:1144.40,1146.30 2 0
bloco-eth/internal/cli/commands.go:1146.30,1148.4 1 0
bloco-eth/internal/cli/commands.go:1149.8,1151.3 1 0
bloco-eth/internal/cli/commands.go:1154.2,1154.40 1 0
bloco-eth/internal/cli/commands.go:1154.40,1156.30 2 0
bloco-eth/internal/cli/commands.go:1156.30,1158.4 1 0
bloco-eth/internal/cli/commands.go:1159.8,1161.3 1 0
bloco-eth/internal/cli/commands.go:1164.2,1164.48 1 0
bloco-eth/internal/cli/commands.go:1164.48,1166.38 2 0
bloco-eth/internal/cli/commands.go:1166.38,1168.4 1 0
bloco-eth/internal/cli/commands.go:1169.8,1171.3 1 0
bloco-eth/internal/cli/commands.go:1173.2,1173.12 1 0
bloco-eth/internal/cli/commands.go:1177.83,1180.39 2 0
bloco-eth/internal/cli/commands.go:1180.39,1181.42 1 0
bloco-eth/internal/cli/commands.go:1181.42,1183.4 1 0
bloco-eth/internal/cli/commands.go:1187.2,1187.40 1 0
bloco-eth/internal/cli/commands.go:1187.40,1189.20 2 0
bloco-eth/internal/cli/commands.go:1189.20,1191.4 1 0
bloco-eth/internal/cli/commands.go:1192.3,1192.22 1 0
bloco-eth/internal/cli/commands.go:1192.22,1194.4 1 0
bloco-eth/internal/cli/commands.go:1195.8,1197.3 1 0
bloco-eth/internal/cli/commands.go:1200.2,1200.48 1 0
bloco-eth/internal/cli/commands.go:1200.48,1202.38 2 0
bloco-eth/internal/cli/commands.go:1202.38,1204.4 1 0
bloco-eth/internal/cli/commands.go:1205.8,1207.3 1 0
bloco-eth/internal/cli/commands.go:1210.2,1210.42 1 0
bloco-eth/internal/cli/commands.go:1210.42,1211.37 1 0
bloco-eth/internal/cli/commands.go:1211.37,1214.39 3 0
bloco-eth/internal/cli/commands.go:1214.39,1215.27 1 0
bloco-eth/internal/cli/commands.go:1215.27,1217.11 2 0
bloco-eth/internal/cli/commands.go:1220.4,1220.14 1 0
bloco-eth/internal/cli/commands.go:1220.14,1222.5 1 0
bloco-eth/internal/cli/commands.go:1223.9,1225.4 1 0
bloco-eth/internal/cli/commands.go:1228.2,1228.12 1 0
bloco-eth/internal/cli/commands.go:1232.106,1235.46 2 0
bloco-eth/internal/cli/commands.go:1236.16,1237.89 1 0
bloco-eth/internal/cli/commands.go:1237.89,1243.4 5 0
bloco-eth/internal/cli/commands.go:1244.16,1245.89 1 0
bloco-eth/internal/cli/commands.go:1245.89,1250.4 4 0
bloco-eth/internal/cli/commands.go:1253.2,1253.15 1 0
bloco-eth/internal/cli/commands.go:1257.76,1258.32 1 0
bloco-eth/internal/cli/commands.go:1259.13,1260.30 1 0
bloco-eth/internal/cli/commands.go:1261.16,1262.33 1 0
bloco-eth/internal/cli/commands.go:1263.14,1264.31 1 0
bloco-eth/internal/cli/commands.go:1265.31,1266.35 1 0
bloco-eth/internal/cli/commands.go:1267.10,1268.33 1 0
bloco-eth/internal/cli/commands.go:1273.99,1274.51 1 0
bloco-eth/internal/cli/commands.go:1274.51,1276.3 1 0
bloco-eth/internal/cli/commands.go:1278.2,1283.44 4 0
bloco-eth/internal/cli/commands.go:1283.44,1285.3 1 0
bloco-eth/internal/cli/commands.go:1286.2,1293.23 4 0
bloco-eth/internal/cli/commands.go:1293.23,1295.3 1 0
bloco-eth/internal/cli/commands.go:1295.8,1297.3 1 0
bloco-eth/internal/cli/commands.go:1300.2,1300.43 1 0
bloco-eth/internal/cli/commands.go:1300.43,1302.45 2 0
bloco-eth/internal/cli/commands.go:1302.45,1304.4 1 0
bloco-eth/internal/cli/commands.go:1308.2,1308.28 1 0
bloco-eth/internal/cli/commands.go:1308.28,1310.39 2 0
bloco-eth/internal/cli/commands.go:1310.39,1312.4 1 0
bloco-eth/internal/cli/commands.go:1316.2,1316.30 1 0
bloco-eth/internal/cli/commands.go:1316.30,1318.43 2 0
bloco-eth/internal/cli/commands.go:1318.43,1320.4 1 0
bloco-eth/internal/cli/commands.go:1324.2,1324.33 1 0
bloco-eth/internal/cli/commands.go:1324.33,1326.49 2 0
bloco-eth/internal/cli/commands.go:1326.49,1328.4 1 0
bloco-eth/internal/cli/commands.go:1331.2,1331.18 1 0
bloco-eth/internal/cli/commands.go:1335.78,1336.15 1 0
bloco-eth/internal/cli/commands.go:1337.28,1338.16 1 0
bloco-eth/internal/cli/commands.go:1339.31,1340.16 1 0
bloco-eth/internal/cli/commands.go:1341.29,1342.16 1 0
bloco-eth/internal/cli/commands.go:1343.33,1344.16 1 0
bloco-eth/internal/cli/commands.go:1345.10,1346.15 1 0
bloco-eth/internal/cli/commands.go:1351.102,1363.2 5 0
bloco-eth/internal/cli/commands.go:1366.70,1368.2 1 0
bloco-eth/internal/cli/commands.go:1370.55,1372.2 1 0
bloco-eth/internal/cli/commands.go:1374.42,1376.2 1 0
bloco-eth/internal/cli/commands.go:1378.45,1380.2 1 0
bloco-eth/internal/cli/commands.go:1382.32,1383.7 1 0
bloco-eth/internal/cli/commands.go:1383.7,1385.3 1 0
bloco-eth/internal/cli/commands.go:1386.2,1386.19 1 0
bloco-eth/internal/cli/commands.go:1390.103,1398.33 6 0
bloco-eth/internal/cli/commands.go:1398.33,1399.68 1 0
bloco-eth/internal/cli/commands.go:1399.68,1401.4 1 0
bloco-eth/internal/cli/commands.go:1401.9,1403.4 1 0
bloco-eth/internal/cli/commands.go:1406.2,1406.12 1 0
bloco-eth/internal/cli/commands.go:1409.165,1410.23 1 0
bloco-eth/internal/cli/commands.go:1410.23,1413.3 2 0
bloco-eth/internal/cli/commands.go:1415.2,1422.33 6 0
bloco-eth/internal/cli/commands.go:1422.33,1427.32 3 0
bloco-eth/internal/cli/commands.go:1427.32,1429.4 1 0
bloco-eth/internal/cli/commands.go:1431.3,1434.26 3 0
bloco-eth/internal/cli/commands.go:1434.26,1436.4 1 0
bloco-eth/internal/cli/commands.go:1439.3,1439.34 1 0
bloco-eth/internal/cli/commands.go:1439.34,1440.69 1 0
bloco-eth/internal/cli/commands.go:1440.69,1443.5 2 0
bloco-eth/internal/cli/commands.go:1443.10,1445.5 1 0
bloco-eth/internal/cli/commands.go:1448.3,1448.19 1 0
bloco-eth/internal/cli/commands.go:1452.2,1452.33 1 0
bloco-eth/internal/cli/commands.go:1452.33,1454.23 2 0
bloco-eth/internal/cli/commands.go:1454.23,1456.4 1 0
bloco-eth/internal/cli/commands.go:1457.3,1457.30 1 0
bloco-eth/internal/cli/commands.go:1457.30,1459.4 1 0
bloco-eth/internal/cli/commands.go:1463.2,1463.22 1 0
bloco-eth/internal/cli/commands.go:1463.22,1467.34 3 0
bloco-eth/internal/cli/commands.go:1467.34,1469.37 2 0
bloco-eth/internal/cli/commands.go:1469.37,1471.5 1 0
bloco-eth/internal/cli/commands.go:1472.4,1472.37 1 0
bloco-eth/internal/cli/commands.go:1472.37,1474.5 1 0
bloco-eth/internal/cli/commands.go:1477.3,1483.91 6 0
bloco-eth/internal/cli/commands.go:1486.2,1486.12 1 0
bloco-eth/internal/cli/commands.go:1490.193,1517.6 13 0
bloco-eth/internal/cli/commands.go:1517.6,1518.10 1 0
bloco-eth/internal/cli/commands.go:1519.30,1521.26 1 0
bloco-eth/internal/cli/commands.go:1523.19,1528.38 3 0
bloco-eth/internal/cli/commands.go:1528.38,1535.30 5 0
bloco-eth/internal/cli/commands.go:1535.30,1540.37 4 0
bloco-eth/internal/cli/commands.go:1540.37,1542.23 2 0
bloco-eth/internal/cli/commands.go:1542.23,1544.8 1 0
bloco-eth/internal/cli/commands.go:1545.7,1545.23 1 0
bloco-eth/internal/cli/commands.go:1545.23,1547.8 1 0
bloco-eth/internal/cli/commands.go:1549.6,1549.49 1 0
bloco-eth/internal/cli/commands.go:1553.5,1555.46 3 0
bloco-eth/internal/cli/commands.go:1555.46,1557.6 1 0
bloco-eth/internal/cli/commands.go:1560.5,1590.18 4 0
bloco-eth/internal/cli/commands.go:1594.4,1594.40 1 0
bloco-eth/internal/cli/commands.go:1594.40,1596.5 1 0
bloco-eth/internal/cli/commands.go:1598.11,1600.55 1 0
bloco-eth/internal/cli/commands.go:1600.55,1607.12 2 0
bloco-eth/internal/cli/commands.go:1608.32,1609.28 1 0
bloco-eth/internal/cli/commands.go:1610.13,1612.18 1 0
bloco-eth/internal/cli/commands.go:1617.4,1617.37 1 0
bloco-eth/internal/cli/commands.go:1622.2,1628.27 5 0
bloco-eth/internal/cli/commands.go:1628.27,1633.38 4 0
bloco-eth/internal/cli/commands.go:1633.38,1635.24 2 0
bloco-eth/internal/cli/commands.go:1635.24,1637.5 1 0
bloco-eth/internal/cli/commands.go:1638.4,1638.24 1 0
bloco-eth/internal/cli/commands.go:1638.24,1640.5 1 0
bloco-eth/internal/cli/commands.go:1642.3,1642.46 1 0
bloco-eth/internal/cli/commands.go:1646.2,1662.8 2 0
bloco-eth/internal/cli/commands.go:1665.164,1694.6 14 0
bloco-eth/internal/cli/commands.go:1694.6,1695.10 1 0
bloco-eth/internal/cli/commands.go:1696.30,1698.26 1 0
bloco-eth/internal/cli/commands.go:1700.19,1705.38 3 0
bloco-eth/internal/cli/commands.go:1705.38,1715.5 6 0
bloco-eth/internal/cli/commands.go:1718.4,1718.40 1 0
bloco-eth/internal/cli/commands.go:1718.40,1720.5 1 0
bloco-eth/internal/cli/commands.go:1722.11,1724.55 1 0
bloco-eth/internal/cli/commands.go:1724.55,1731.12 2 0
bloco-eth/internal/cli/commands.go:1732.32,1733.28 1 0
bloco-eth/internal/cli/commands.go:1734.13,1736.18 1 0
bloco-eth/internal/cli/commands.go:1741.4,1741.37 1 0
bloco-eth/internal/cli/commands.go:1746.2,1754.27 6 0
bloco-eth/internal/cli/commands.go:1754.27,1759.38 4 0
bloco-eth/internal/cli/commands.go:1759.38,1761.24 2 0
bloco-eth/internal/cli/commands.go:1761.24,1763.5 1 0
bloco-eth/internal/cli/commands.go:1764.4,1764.24 1 0
bloco-eth/internal/cli/commands.go:1764.24,1766.5 1 0
bloco-eth/internal/cli/commands.go:1768.3,1768.46 1 0
bloco-eth/internal/cli/commands.go:1772.2,1788.8 2 0
bloco-eth/internal/cli/commands.go:1791.102,1800.48 6 0
bloco-eth/internal/cli/commands.go:1800.48,1802.3 1 0
bloco-eth/internal/cli/commands.go:1805.2,1805.28 1 0
bloco-eth/internal/cli/commands.go:1805.28,1811.35 5 0
bloco-eth/internal/cli/commands.go:1811.35,1819.4 5 0
bloco-eth/internal/cli/commands.go:1823.2,1823.46 1 0
bloco-eth/internal/cli/commands.go:1823.46,1828.50 3 0
bloco-eth/internal/cli/commands.go:1828.50,1830.46 1 0
bloco-eth/internal/cli/commands.go:1830.46,1832.5 1 0
bloco-eth/internal/cli/commands.go:1833.9,1835.39 1 0
bloco-eth/internal/cli/commands.go:1835.39,1837.5 1 0
bloco-eth/internal/cli/commands.go:1839.4,1842.89 2 0
bloco-eth/internal/cli/commands.go:1842.89,1844.5 1 0
bloco-eth/internal/cli/commands.go:1848.3,1848.35 1 0
bloco-eth/internal/cli/commands.go:1848.35,1850.46 2 0
bloco-eth/internal/cli/commands.go:1850.46,1853.5 2 0
bloco-eth/internal/cli/commands.go:1855.4,1862.71 7 0
bloco-eth/internal/cli/commands.go:1867.2,1869.28 2 0
bloco-eth/internal/cli/commands.go:1869.28,1870.41 1 0
bloco-eth/internal/cli/commands.go:1870.41,1872.4 1 0
bloco-eth/internal/cli/commands.go:1872.9,1872.48 1 0
bloco-eth/internal/cli/commands.go:1872.48,1874.4 1 0
bloco-eth/internal/cli/commands.go:1874.9,1876.4 1 0
bloco-eth/internal/cli/commands.go:1878.3,1878.38 1 0
bloco-eth/internal/cli/commands.go:1878.38,1880.4 1 0
bloco-eth/internal/cli/commands.go:1880.9,1882.4 1 0
bloco-eth/internal/cli/commands.go:1886.2,1886.34 1 0
bloco-eth/internal/cli/commands.go:1886.34,1888.3 1 0
bloco-eth/internal/cli/commands.go:1888.8,1888.40 1 0
bloco-eth/internal/cli/commands.go:1888.40,1890.3 1 0
bloco-eth/internal/cli/commands.go:1890.8,1890.40 1 0
bloco-eth/internal/cli/commands.go:1890.40,1892.3 1 0
bloco-eth/internal/cli/commands.go:1892.8,1894.3 1 0
bloco-eth/internal/cli/commands.go:1896.2,1896.12 1 0
bloco-eth/internal/cli/commands.go:1900.57,1902.2 1 0
bloco-eth/internal/cli/commands.go:1909.64,1918.2 3 0
bloco-eth/internal/cli/commands.go:1920.56,1923.2 2 0
bloco-eth/internal/cli/commands.go:1926.73,1928.2 1 0
bloco-eth/internal/cli/commands.go:1931.98,1940.25 4 0
bloco-eth/internal/cli/commands.go:1940.25,1944.17 3 0
bloco-eth/internal/cli/commands.go:1944.17,1946.4 1 0
bloco-eth/internal/cli/commands.go:1947.3,1947.28 1 0
bloco-eth/internal/cli/commands.go:1951.2,1967.16 5 0
bloco-eth/internal/cli/commands.go:1967.16,1969.3 1 0
bloco-eth/internal/cli/commands.go:1972.2,1972.49 1 0
bloco-eth/internal/cli/commands.go:1972.49,1982.17 4 0
bloco-eth/internal/cli/commands.go:1982.17,1983.15 1 0
bloco-eth/internal/cli/commands.go:1983.15,1985.5 1 0
bloco-eth/internal/cli/commands.go:1986.9,1988.4 1 0
bloco-eth/internal/cli/commands.go:1992.2,1992.95 1 0
bloco-eth/internal/cli/commands.go:1992.95,1994.51 1 0
bloco-eth/internal/cli/commands.go:1994.51,1995.31 1 0
bloco-eth/internal/cli/commands.go:1995.31,1997.5 1 0
bloco-eth/internal/cli/commands.go:1998.4,1998.86 1 0
bloco-eth/internal/cli/commands.go:2000.3,2000.88 1 0
bloco-eth/internal/cli/commands.go:2003.2,2003.12 1 0
bloco-eth/internal/progress/manager.go:42.112,54.2 1 0
bloco-eth/internal/progress/manager.go:57.36,59.53 1 0
bloco-eth/internal/progress/manager.go:59.53,61.3 1 0
bloco-eth/internal/progress/manager.go:63.2,63.21 1 0
bloco-eth/internal/progress/manager.go:67.35,69.53 1 0
bloco-eth/internal/progress/manager.go:69.53,71.3 1 0
bloco-eth/internal/progress/manager.go:73.2,79.39 4 0
bloco-eth/internal/progress/manager.go:83.67,87.2 3 0
bloco-eth/internal/progress/manager.go:90.42,91.41 1 0
bloco-eth/internal/progress/manager.go:91.41,93.3 1 0
bloco-eth/internal/progress/manager.go:95.2,98.28 3 0
bloco-eth/internal/progress/manager.go:102.42,112.6 7 0
bloco-eth/internal/progress/manager.go:112.6,113.10 1 0
bloco-eth/internal/progress/manager.go:114.19,116.43 1 0
bloco-eth/internal/progress/manager.go:116.43,120.5 3 0
bloco-eth/internal/progress/manager.go:122.23,124.43 1 0
bloco-eth/internal/progress/manager.go:124.43,128.5 3 0
bloco-eth/internal/progress/manager.go:129.4,129.10 1 0
bloco-eth/internal/progress/manager.go:135.52,145.2 4 0
bloco-eth/internal/progress/manager.go:148.50,165.17 5 0
bloco-eth/internal/progress/manager.go:165.17,167.3 1 0
bloco-eth/internal/progress/manager.go:170.2,176.61 3 0
bloco-eth/internal/progress/manager.go:176.61,178.28 2 0
bloco-eth/internal/progress/manager.go:178.28,180.4 1 0
bloco-eth/internal/progress/manager.go:180.9,182.4 1 0
bloco-eth/internal/progress/manager.go:186.2,186.33 1 0
bloco-eth/internal/progress/manager.go:190.53,202.2 6 0
bloco-eth/internal/progress/manager.go:205.46,211.27 3 0
bloco-eth/internal/progress/manager.go:211.27,213.3 1 0
bloco-eth/internal/progress/manager.go:216.2,221.32 4 0
bloco-eth/internal/progress/manager.go:221.32,222.22 1 0
bloco-eth/internal/progress/manager.go:222.22,224.4 1 0
bloco-eth/internal/progress/manager.go:224.9,226.4 1 0
bloco-eth/internal/progress/manager.go:228.2,241.42 3 0
bloco-eth/internal/progress/manager.go:241.42,243.3 1 0
bloco-eth/internal/progress/manager.go:246.2,246.42 1 0
bloco-eth/internal/progress/manager.go:246.42,248.3 1 0
bloco-eth/internal/progress/manager.go:252.65,267.2 3 0
bloco-eth/internal/progress/manager.go:270.44,272.2 1 0
bloco-eth/internal/progress/manager.go:275.59,279.2 3 0
bloco-eth/internal/progress/manager.go:296.12,315.2 3 0
bloco-eth/internal/progress/manager.go:318.46,319.20 1 0
bloco-eth/internal/progress/manager.go:319.20,321.3 1 0
bloco-eth/internal/progress/manager.go:325.26,326.20 1 0
bloco-eth/internal/progress/manager.go:326.20,329.3 2 0
bloco-eth/internal/progress/manager.go:333.69,336.2 0 0
bloco-eth/internal/validation/strategy.go:25.89,30.2 1 0
bloco-eth/internal/validation/strategy.go:33.70,35.2 1 0
bloco-eth/internal/validation/strategy.go:38.84,40.72 1 0
bloco-eth/internal/validation/strategy.go:40.72,42.3 1 0
bloco-eth/internal/validation/strategy.go:45.2,45.54 1 0
bloco-eth/internal/validation/strategy.go:49.116,51.25 1 0
bloco-eth/internal/validation/strategy.go:51.25,53.3 1 0
bloco-eth/internal/validation/strategy.go:53.8,55.3 1 0
bloco-eth/internal/validation/strategy.go:57.2,57.63 1 0
bloco-eth/internal/validation/strategy.go:61.87,63.24 1 0
bloco-eth/internal/validation/strategy.go:63.24,66.3 1 0
bloco-eth/internal/validation/strategy.go:69.2,69.54 1 0
bloco-eth/internal/validation/strategy.go:69.54,72.3 1 0
bloco-eth/internal/validation/strategy.go:75.2,75.32 1 0
bloco-eth/internal/validation/strategy.go:75.32,78.3 1 0
bloco-eth/internal/validation/strategy.go:80.2,80.32 1 0
bloco-eth/internal/validation/strategy.go:80.32,83.3 1 0
bloco-eth/internal/validation/strategy.go:86.2,86.44 1 0
bloco-eth/internal/validation/strategy.go:86.44,89.3 1 0
bloco-eth/internal/validation/strategy.go:91.2,91.12 1 0
bloco-eth/internal/validation/strategy.go:98.60,100.2 1 0
bloco-eth/internal/validation/strategy.go:103.92,105.42 1 0
bloco-eth/internal/validation/strategy.go:105.42,107.3 1 0
bloco-eth/internal/validation/strategy.go:110.2,111.21 2 0
bloco-eth/internal/validation/strategy.go:111.21,113.3 1 0
bloco-eth/internal/validation/strategy.go:114.2,114.21 1 0
bloco-eth/internal/validation/strategy.go:114.21,116.3 1 0
bloco-eth/internal/validation/strategy.go:119.2,122.40 3 0
bloco-eth/internal/validation/strategy.go:126.51,128.2 1 0
bloco-eth/internal/validation/strategy.go:131.58,133.2 1 0
bloco-eth/internal/validation/strategy.go:141.89,145.2 1 0
bloco-eth/internal/validation/strategy.go:148.84,150.42 1 0
bloco-eth/internal/validation/strategy.go:150.42,152.3 1 0
bloco-eth/internal/validation/strategy.go:155.2,156.21 2 0
bloco-eth/internal/validation/strategy.go:156.21,158.3 1 0
bloco-eth/internal/validation/strategy.go:159.2,159.21 1 0
bloco-eth/internal/validation/strategy.go:159.21,161.3 1 0
bloco-eth/internal/validation/strategy.go:164.2,167.34 3 0
bloco-eth/internal/validation/strategy.go:167.34,169.3 1 0
bloco-eth/internal/validation/strategy.go:172.2,172.78 1 0
bloco-eth/internal/validation/strategy.go:176.43,178.2 1 0
bloco-eth/internal/validation/strategy.go:181.50,183.2 1 0
bloco-eth/internal/validation/strategy.go:189.50,191.2 1 0
bloco-eth/internal/validation/strategy.go:194.87,196.42 1 0
bloco-eth/internal/validation/strategy.go:196.42,198.3 1 0
bloco-eth/internal/validation/strategy.go:201.2,202.21 2 0
bloco-eth/internal/validation/strategy.go:202.21,204.3 1 0
bloco-eth/internal/validation/strategy.go:205.2,205.21 1 0
bloco-eth/internal/validation/strategy.go:205.21,207.3 1 0
bloco-eth/internal/validation/strategy.go:210.2,213.40 3 0
bloco-eth/internal/validation/strategy.go:217.46,219.2 1 0
bloco-eth/internal/validation/strategy.go:222.53,224.2 1 0
bloco-eth/internal/validation/strategy.go:233.108,238.2 1 0
bloco-eth/internal/validation/strategy.go:241.85,243.62 1 0
bloco-eth/internal/validation/strategy.go:243.62,245.3 1 0
bloco-eth/internal/validation/strategy.go:248.2,248.42 1 0
bloco-eth/internal/validation/strategy.go:248.42,250.3 1 0
bloco-eth/internal/validation/strategy.go:252.2,252.20 1 0
bloco-eth/internal/validation/strategy.go:252.20,255.3 1 0
bloco-eth/internal/validation/strategy.go:258.2,258.58 1 0
bloco-eth/internal/validation/strategy.go:262.91,264.35 1 0
bloco-eth/internal/validation/strategy.go:264.35,269.41 3 0
bloco-eth/internal/validation/strategy.go:269.41,271.4 1 0
bloco-eth/internal/validation/strategy.go:272.3,272.45 1 0
bloco-eth/internal/validation/strategy.go:272.45,274.4 1 0
bloco-eth/internal/validation/strategy.go:276.3,276.29 1 0
bloco-eth/internal/validation/strategy.go:276.29,278.4 1 0
bloco-eth/internal/validation/strategy.go:282.2,282.35 1 0
bloco-eth/internal/validation/strategy.go:282.35,288.41 4 0
bloco-eth/internal/validation/strategy.go:288.41,290.4 1 0
bloco-eth/internal/validation/strategy.go:291.3,291.45 1 0
bloco-eth/internal/validation/strategy.go:291.45,293.4 1 0
bloco-eth/internal/validation/strategy.go:295.3,295.29 1 0
bloco-eth/internal/validation/strategy.go:295.29,297.4 1 0
bloco-eth/internal/validation/strategy.go:300.2,300.13 1 0
bloco-eth/internal/validation/strategy.go:304.84,306.58 1 0
bloco-eth/internal/validation/strategy.go:306.58,308.3 1 0
bloco-eth/internal/validation/strategy.go:311.2,311.82 1 0
bloco-eth/internal/validation/strategy.go:315.44,316.19 1 0
bloco-eth/internal/validation/strategy.go:316.19,318.3 1 0
bloco-eth/internal/validation/strategy.go:319.2,319.37 1 0
bloco-eth/internal/validation/strategy.go:323.51,324.19 1 0
bloco-eth/internal/validation/strategy.go:324.19,326.3 1 0
bloco-eth/internal/validation/strategy.go:327.2,327.74 1 0
bloco-eth/internal/validation/strategy.go:331.95,339.2 1 0
bloco-eth/internal/crypto/kdf/analyzer.go:14.90,18.2 1 23
bloco-eth/internal/crypto/kdf/analyzer.go:21.111,22.19 1 12
bloco-eth/internal/crypto/kdf/analyzer.go:22.19,24.3 1 1
bloco-eth/internal/crypto/kdf/analyzer.go:27.2,30.50 2 11
bloco-eth/internal/crypto/kdf/analyzer.go:30.50,41.3 1 1
bloco-eth/internal/crypto/kdf/analyzer.go:44.2,48.86 4 10
bloco-eth/internal/crypto/kdf/analyzer.go:48.86,49.40 1 4
bloco-eth/internal/crypto/kdf/analyzer.go:49.40,52.4 2 4
bloco-eth/internal/crypto/kdf/analyzer.go:52.9,54.4 1 0
bloco-eth/internal/crypto/kdf/analyzer.go:58.2,81.8 8 10
bloco-eth/internal/crypto/kdf/analyzer.go:85.129,86.17 1 10
bloco-eth/internal/crypto/kdf/analyzer.go:87.16,88.48 1 8
bloco-eth/internal/crypto/kdf/analyzer.go:89.50,90.57 1 2
bloco-eth/internal/crypto/kdf/analyzer.go:91.10,98.4 1 0
bloco-eth/internal/crypto/kdf/analyzer.go:103.114,121.37 8 11
bloco-eth/internal/crypto/kdf/analyzer.go:121.37,123.3 1 5
bloco-eth/internal/crypto/kdf/analyzer.go:123.8,123.43 1 6
bloco-eth/internal/crypto/kdf/analyzer.go:123.43,125.3 1 1
bloco-eth/internal/crypto/kdf/analyzer.go:125.8,125.43 1 5
bloco-eth/internal/crypto/kdf/analyzer.go:125.43,127.3 1 1
bloco-eth/internal/crypto/kdf/analyzer.go:127.8,130.3 2 4
bloco-eth/internal/crypto/kdf/analyzer.go:133.2,133.15 1 11
bloco-eth/internal/crypto/kdf/analyzer.go:133.15,135.3 1 4
bloco-eth/internal/crypto/kdf/analyzer.go:136.2,136.11 1 11
bloco-eth/internal/crypto/kdf/analyzer.go:136.11,138.3 1 4
bloco-eth/internal/crypto/kdf/analyzer.go:139.2,139.11 1 11
bloco-eth/internal/crypto/kdf/analyzer.go:139.11,141.3 1 1
bloco-eth/internal/crypto/kdf/analyzer.go:144.2,144.36 1 11
bloco-eth/internal/crypto/kdf/analyzer.go:144.36,146.3 1 0
bloco-eth/internal/crypto/kdf/analyzer.go:146.8,146.40 1 11
bloco-eth/internal/crypto/kdf/analyzer.go:146.40,148.3 1 1
bloco-eth/internal/crypto/kdf/analyzer.go:151.2,151.18 1 11
bloco-eth/internal/crypto/kdf/analyzer.go:151.18,153.3 1 1
bloco-eth/internal/crypto/kdf/analyzer.go:155.2,161.3 1 11
bloco-eth/internal/crypto/kdf/analyzer.go:165.130,181.17 7 4
bloco-eth/internal/crypto/kdf/analyzer.go:181.17,183.3 1 4
bloco-eth/internal/crypto/kdf/analyzer.go:183.8,183.24 1 0
bloco-eth/internal/crypto/kdf/analyzer.go:183.24,185.3 1 0
bloco-eth/internal/crypto/kdf/analyzer.go:185.8,185.24 1 0
bloco-eth/internal/crypto/kdf/analyzer.go:185.24,187.3 1 0
bloco-eth/internal/crypto/kdf/analyzer.go:187.8,190.3 2 0
bloco-eth/internal/crypto/kdf/analyzer.go:193.2,193.16 1 4
bloco-eth/internal/crypto/kdf/analyzer.go:193.16,195.3 1 0
bloco-eth/internal/crypto/kdf/analyzer.go:198.2,198.13 1 4
bloco-eth/internal/crypto/kdf/analyzer.go:199.19,201.34 2 2
bloco-eth/internal/crypto/kdf/analyzer.go:201.34,203.4 1 2
bloco-eth/internal/crypto/kdf/analyzer.go:204.21,204.21 0 2
bloco-eth/internal/crypto/kdf/analyzer.go:206.21,206.21 0 0
bloco-eth/internal/crypto/kdf/analyzer.go:208.10,209.124 1 0
bloco-eth/internal/crypto/kdf/analyzer.go:212.2,218.3 1 4
bloco-eth/internal/crypto/kdf/analyzer.go:222.133,223.17 1 10
bloco-eth/internal/crypto/kdf/analyzer.go:224.16,228.56 4 8
bloco-eth/internal/crypto/kdf/analyzer.go:229.50,232.55 3 2
bloco-eth/internal/crypto/kdf/analyzer.go:233.10,241.4 1 0
bloco-eth/internal/crypto/kdf/analyzer.go:246.101,258.2 2 21
bloco-eth/internal/crypto/kdf/analyzer.go:261.107,272.41 3 8
bloco-eth/internal/crypto/kdf/analyzer.go:272.41,277.3 3 40
bloco-eth/internal/crypto/kdf/analyzer.go:279.2,279.22 1 8
bloco-eth/internal/crypto/kdf/analyzer.go:283.124,288.24 3 12
bloco-eth/internal/crypto/kdf/analyzer.go:289.24,291.83 2 4
bloco-eth/internal/crypto/kdf/analyzer.go:292.27,293.116 1 1
bloco-eth/internal/crypto/kdf/analyzer.go:297.2,297.43 1 12
bloco-eth/internal/crypto/kdf/analyzer.go:297.43,299.3 1 2
bloco-eth/internal/crypto/kdf/analyzer.go:302.2,304.30 2 12
bloco-eth/internal/crypto/kdf/analyzer.go:308.106,312.48 3 11
bloco-eth/internal/crypto/kdf/analyzer.go:312.48,313.18 1 55
bloco-eth/internal/crypto/kdf/analyzer.go:313.18,315.4 1 12
bloco-eth/internal/crypto/kdf/analyzer.go:318.2,318.34 1 11
bloco-eth/internal/crypto/kdf/analyzer.go:318.34,320.3 1 4
bloco-eth/internal/crypto/kdf/analyzer.go:322.2,322.17 1 11
bloco-eth/internal/crypto/kdf/analyzer.go:326.120,327.40 1 81
bloco-eth/internal/crypto/kdf/analyzer.go:327.40,328.26 1 80
bloco-eth/internal/crypto/kdf/analyzer.go:329.12,330.12 1 76
bloco-eth/internal/crypto/kdf/analyzer.go:331.14,332.17 1 1
bloco-eth/internal/crypto/kdf/analyzer.go:333.16,334.17 1 1
bloco-eth/internal/crypto/kdf/analyzer.go:335.15,337.84 1 2
bloco-eth/internal/crypto/kdf/analyzer.go:337.84,339.5 1 1
bloco-eth/internal/crypto/kdf/analyzer.go:342.2,342.21 1 2
bloco-eth/internal/crypto/kdf/analyzer.go:345.129,346.40 1 12
bloco-eth/internal/crypto/kdf/analyzer.go:346.40,347.34 1 11
bloco-eth/internal/crypto/kdf/analyzer.go:347.34,349.4 1 10
bloco-eth/internal/crypto/kdf/analyzer.go:351.2,351.21 1 2
bloco-eth/internal/crypto/kdf/analyzer.go:355.75,357.18 2 11
bloco-eth/internal/crypto/kdf/analyzer.go:357.18,359.3 1 1
bloco-eth/internal/crypto/kdf/analyzer.go:360.2,361.46 2 10
bloco-eth/internal/crypto/kdf/analyzer.go:361.46,364.3 2 11
bloco-eth/internal/crypto/kdf/analyzer.go:365.2,365.76 1 10
bloco-eth/internal/crypto/kdf/analyzer.go:369.127,370.17 1 7
bloco-eth/internal/crypto/kdf/analyzer.go:371.16,382.55 7 3
bloco-eth/internal/crypto/kdf/analyzer.go:384.50,391.14 4 3
bloco-eth/internal/crypto/kdf/analyzer.go:392.22,393.35 1 3
bloco-eth/internal/crypto/kdf/analyzer.go:394.22,395.34 1 0
bloco-eth/internal/crypto/kdf/analyzer.go:396.11,397.34 1 0
bloco-eth/internal/crypto/kdf/analyzer.go:400.3,401.55 2 3
bloco-eth/internal/crypto/kdf/analyzer.go:403.10,404.21 1 1
bloco-eth/internal/crypto/kdf/analyzer.go:409.158,412.23 2 7
bloco-eth/internal/crypto/kdf/analyzer.go:413.16,414.76 1 5
bloco-eth/internal/crypto/kdf/analyzer.go:415.50,416.78 1 1
bloco-eth/internal/crypto/kdf/analyzer.go:417.10,419.79 1 1
bloco-eth/internal/crypto/kdf/analyzer.go:424.139,429.23 3 5
bloco-eth/internal/crypto/kdf/analyzer.go:430.24,431.24 1 1
bloco-eth/internal/crypto/kdf/analyzer.go:432.27,433.24 1 1
bloco-eth/internal/crypto/kdf/analyzer.go:434.25,435.25 1 2
bloco-eth/internal/crypto/kdf/analyzer.go:436.29,437.26 1 1
bloco-eth/internal/crypto/kdf/analyzer.go:438.10,439.24 1 0
bloco-eth/internal/crypto/kdf/analyzer.go:443.2,444.56 2 5
bloco-eth/internal/crypto/kdf/analyzer.go:444.56,446.48 1 2
bloco-eth/internal/crypto/kdf/analyzer.go:446.48,449.4 2 3
bloco-eth/internal/crypto/kdf/analyzer.go:452.2,457.3 1 5
bloco-eth/internal/crypto/kdf/analyzer.go:461.136,466.17 3 1
bloco-eth/internal/crypto/kdf/analyzer.go:467.23,468.22 1 1
bloco-eth/internal/crypto/kdf/analyzer.go:469.23,470.22 1 0
bloco-eth/internal/crypto/kdf/analyzer.go:471.10,472.22 1 0
bloco-eth/internal/crypto/kdf/analyzer.go:476.2,476.23 1 1
bloco-eth/internal/crypto/kdf/analyzer.go:477.24,478.13 1 0
bloco-eth/internal/crypto/kdf/analyzer.go:479.27,480.13 1 0
bloco-eth/internal/crypto/kdf/analyzer.go:481.25,482.13 1 1
bloco-eth/internal/crypto/kdf/analyzer.go:483.29,484.14 1 0
bloco-eth/internal/crypto/kdf/analyzer.go:485.10,486.13 1 0
bloco-eth/internal/crypto/kdf/analyzer.go:489.2,493.3 1 1
bloco-eth/internal/crypto/kdf/interfaces.go:46.64,50.2 1 0
bloco-eth/internal/crypto/kdf/interfaces.go:53.84,54.21 1 0
bloco-eth/internal/crypto/kdf/interfaces.go:54.21,56.3 1 0
bloco-eth/internal/crypto/kdf/interfaces.go:59.2,60.33 2 0
bloco-eth/internal/crypto/kdf/interfaces.go:60.33,61.30 1 0
bloco-eth/internal/crypto/kdf/interfaces.go:61.30,63.4 1 0
bloco-eth/internal/crypto/kdf/interfaces.go:66.2,69.17 1 0
bloco-eth/internal/crypto/kdf/interfaces.go:69.17,72.3 1 0
bloco-eth/internal/crypto/kdf/interfaces.go:76.77,77.21 1 0
bloco-eth/internal/crypto/kdf/interfaces.go:77.21,79.3 1 0
bloco-eth/internal/crypto/kdf/interfaces.go:81.2,84.17 1 0
bloco-eth/internal/crypto/kdf/interfaces.go:84.17,87.3 1 0
bloco-eth/internal/crypto/kdf/interfaces.go:91.62,92.21 1 0
bloco-eth/internal/crypto/kdf/interfaces.go:92.21,94.3 1 0
bloco-eth/internal/crypto/kdf/interfaces.go:96.2,98.20 1 0
bloco-eth/internal/crypto/kdf/interfaces.go:98.20,101.3 1 0
bloco-eth/internal/crypto/kdf/interfaces.go:105.91,106.21 1 0
bloco-eth/internal/crypto/kdf/interfaces.go:106.21,108.3 1 0
bloco-eth/internal/crypto/kdf/interfaces.go:111.2,111.12 1 0
bloco-eth/internal/crypto/kdf/interfaces.go:111.12,117.17 2 0
bloco-eth/internal/crypto/kdf/interfaces.go:117.17,120.4 1 0
bloco-eth/internal/crypto/kdf/interfaces.go:125.42,137.53 2 0
bloco-eth/internal/crypto/kdf/interfaces.go:137.53,139.3 1 0
bloco-eth/internal/crypto/kdf/interfaces.go:141.2,141.24 1 0
bloco-eth/internal/crypto/kdf/interfaces.go:145.75,147.53 1 0
bloco-eth/internal/crypto/kdf/interfaces.go:147.53,149.3 1 0
bloco-eth/internal/crypto/kdf/interfaces.go:152.2,152.14 1 0
bloco-eth/internal/crypto/kdf/pbkdf2.go:22.36,24.2 1 30
bloco-eth/internal/crypto/kdf/pbkdf2.go:27.42,31.2 1 30
bloco-eth/internal/crypto/kdf/pbkdf2.go:34.42,38.2 1 30
bloco-eth/internal/crypto/kdf/pbkdf2.go:41.100,48.16 4 5
bloco-eth/internal/crypto/kdf/pbkdf2.go:48.16,50.3 1 1
bloco-eth/internal/crypto/kdf/pbkdf2.go:53.2,56.77 2 4
bloco-eth/internal/crypto/kdf/pbkdf2.go:60.78,61.19 1 12
bloco-eth/internal/crypto/kdf/pbkdf2.go:61.19,63.3 1 0
bloco-eth/internal/crypto/kdf/pbkdf2.go:66.2,67.58 2 12
bloco-eth/internal/crypto/kdf/pbkdf2.go:67.58,69.3 1 2
bloco-eth/internal/crypto/kdf/pbkdf2.go:72.2,73.48 2 10
bloco-eth/internal/crypto/kdf/pbkdf2.go:73.48,75.3 1 2
bloco-eth/internal/crypto/kdf/pbkdf2.go:78.2,78.51 1 8
bloco-eth/internal/crypto/kdf/pbkdf2.go:78.51,82.3 1 2
bloco-eth/internal/crypto/kdf/pbkdf2.go:85.2,85.47 1 6
bloco-eth/internal/crypto/kdf/pbkdf2.go:85.47,87.3 1 2
bloco-eth/internal/crypto/kdf/pbkdf2.go:89.2,89.12 1 4
bloco-eth/internal/crypto/kdf/pbkdf2.go:93.67,94.23 1 12
bloco-eth/internal/crypto/kdf/pbkdf2.go:94.23,102.3 1 1
bloco-eth/internal/crypto/kdf/pbkdf2.go:104.2,104.27 1 11
bloco-eth/internal/crypto/kdf/pbkdf2.go:104.27,111.3 1 1
bloco-eth/internal/crypto/kdf/pbkdf2.go:114.2,114.25 1 10
bloco-eth/internal/crypto/kdf/pbkdf2.go:114.25,122.3 1 0
bloco-eth/internal/crypto/kdf/pbkdf2.go:124.2,124.12 1 10
bloco-eth/internal/crypto/kdf/pbkdf2.go:128.57,129.16 1 10
bloco-eth/internal/crypto/kdf/pbkdf2.go:129.16,133.3 1 1
bloco-eth/internal/crypto/kdf/pbkdf2.go:135.2,135.17 1 9
bloco-eth/internal/crypto/kdf/pbkdf2.go:135.17,139.3 1 1
bloco-eth/internal/crypto/kdf/pbkdf2.go:141.2,141.12 1 8
bloco-eth/internal/crypto/kdf/pbkdf2.go:145.75,148.32 2 6
bloco-eth/internal/crypto/kdf/pbkdf2.go:148.32,149.44 1 9
bloco-eth/internal/crypto/kdf/pbkdf2.go:149.44,150.37 1 5
bloco-eth/internal/crypto/kdf/pbkdf2.go:150.37,152.26 2 5
bloco-eth/internal/crypto/kdf/pbkdf2.go:153.45,154.16 1 2
bloco-eth/internal/crypto/kdf/pbkdf2.go:155.45,156.16 1 1
bloco-eth/internal/crypto/kdf/pbkdf2.go:157.13,164.8 1 2
bloco-eth/internal/crypto/kdf/pbkdf2.go:166.10,169.5 1 0
bloco-eth/internal/crypto/kdf/pbkdf2.go:173.2,173.12 1 1
bloco-eth/internal/crypto/kdf/pbkdf2.go:177.68,179.24 2 2
bloco-eth/internal/crypto/kdf/pbkdf2.go:179.24,182.26 2 0
bloco-eth/internal/crypto/kdf/pbkdf2.go:183.11,184.23 1 0
bloco-eth/internal/crypto/kdf/pbkdf2.go:185.11,186.23 1 0
bloco-eth/internal/crypto/kdf/pbkdf2.go:190.2,194.3 1 2
bloco-eth/internal/crypto/kdf/pbkdf2.go:198.77,204.40 2 3
bloco-eth/internal/crypto/kdf/pbkdf2.go:204.40,206.3 1 2
bloco-eth/internal/crypto/kdf/pbkdf2.go:207.2,207.17 1 1
bloco-eth/internal/crypto/kdf/pbkdf2.go:211.90,213.24 1 4
bloco-eth/internal/crypto/kdf/pbkdf2.go:213.24,215.3 1 0
bloco-eth/internal/crypto/kdf/pbkdf2.go:218.2,219.32 2 4
bloco-eth/internal/crypto/kdf/pbkdf2.go:219.32,220.44 1 4
bloco-eth/internal/crypto/kdf/pbkdf2.go:220.44,221.37 1 4
bloco-eth/internal/crypto/kdf/pbkdf2.go:221.37,223.26 2 4
bloco-eth/internal/crypto/kdf/pbkdf2.go:224.45,225.23 1 4
bloco-eth/internal/crypto/kdf/pbkdf2.go:226.45,227.23 1 0
bloco-eth/internal/crypto/kdf/pbkdf2.go:234.2,234.19 1 0
bloco-eth/internal/crypto/kdf/pbkdf2.go:238.107,239.29 1 32
bloco-eth/internal/crypto/kdf/pbkdf2.go:239.29,240.44 1 32
bloco-eth/internal/crypto/kdf/pbkdf2.go:240.44,242.4 1 32
bloco-eth/internal/crypto/kdf/pbkdf2.go:244.2,244.21 1 0
bloco-eth/internal/crypto/kdf/pbkdf2.go:248.80,249.27 1 32
bloco-eth/internal/crypto/kdf/pbkdf2.go:250.11,251.11 1 32
bloco-eth/internal/crypto/kdf/pbkdf2.go:252.13,253.16 1 0
bloco-eth/internal/crypto/kdf/pbkdf2.go:254.15,255.16 1 0
bloco-eth/internal/crypto/kdf/pbkdf2.go:256.14,257.44 1 0
bloco-eth/internal/crypto/kdf/pbkdf2.go:257.44,259.4 1 0
bloco-eth/internal/crypto/kdf/pbkdf2.go:260.19,261.38 1 0
bloco-eth/internal/crypto/kdf/pbkdf2.go:261.38,263.4 1 0
bloco-eth/internal/crypto/kdf/pbkdf2.go:265.2,265.21 1 0
bloco-eth/internal/crypto/kdf/pbkdf2.go:269.86,272.33 2 13
bloco-eth/internal/crypto/kdf/pbkdf2.go:272.33,273.44 1 17
bloco-eth/internal/crypto/kdf/pbkdf2.go:273.44,275.4 1 11
bloco-eth/internal/crypto/kdf/pbkdf2.go:278.2,278.52 1 2
bloco-eth/internal/crypto/kdf/pbkdf2.go:282.76,283.27 1 11
bloco-eth/internal/crypto/kdf/pbkdf2.go:284.14,287.44 2 10
bloco-eth/internal/crypto/kdf/pbkdf2.go:287.44,288.58 1 10
bloco-eth/internal/crypto/kdf/pbkdf2.go:288.58,290.5 1 10
bloco-eth/internal/crypto/kdf/pbkdf2.go:293.3,293.24 1 0
bloco-eth/internal/crypto/kdf/pbkdf2.go:295.14,296.16 1 0
bloco-eth/internal/crypto/kdf/pbkdf2.go:298.21,301.26 2 0
bloco-eth/internal/crypto/kdf/pbkdf2.go:301.26,302.30 1 0
bloco-eth/internal/crypto/kdf/pbkdf2.go:303.17,304.29 1 0
bloco-eth/internal/crypto/kdf/pbkdf2.go:304.29,306.6 1 0
bloco-eth/internal/crypto/kdf/pbkdf2.go:307.5,307.25 1 0
bloco-eth/internal/crypto/kdf/pbkdf2.go:308.13,309.29 1 0
bloco-eth/internal/crypto/kdf/pbkdf2.go:309.29,311.6 1 0
bloco-eth/internal/crypto/kdf/pbkdf2.go:312.5,312.25 1 0
bloco-eth/internal/crypto/kdf/pbkdf2.go:313.12,314.75 1 0
bloco-eth/internal/crypto/kdf/pbkdf2.go:317.3,317.20 1 0
bloco-eth/internal/crypto/kdf/pbkdf2.go:319.10,320.61 1 1
bloco-eth/internal/crypto/kdf/scrypt.go:17.36,19.2 1 30
bloco-eth/internal/crypto/kdf/scrypt.go:22.100,31.16 6 4
bloco-eth/internal/crypto/kdf/scrypt.go:31.16,33.3 1 1
bloco-eth/internal/crypto/kdf/scrypt.go:36.2,36.59 1 3
bloco-eth/internal/crypto/kdf/scrypt.go:40.78,41.19 1 23
bloco-eth/internal/crypto/kdf/scrypt.go:41.19,43.3 1 0
bloco-eth/internal/crypto/kdf/scrypt.go:46.2,47.49 2 23
bloco-eth/internal/crypto/kdf/scrypt.go:47.49,49.3 1 5
bloco-eth/internal/crypto/kdf/scrypt.go:52.2,53.49 2 18
bloco-eth/internal/crypto/kdf/scrypt.go:53.49,55.3 1 2
bloco-eth/internal/crypto/kdf/scrypt.go:58.2,59.49 2 16
bloco-eth/internal/crypto/kdf/scrypt.go:59.49,61.3 1 2
bloco-eth/internal/crypto/kdf/scrypt.go:64.2,65.57 2 14
bloco-eth/internal/crypto/kdf/scrypt.go:65.57,67.3 1 2
bloco-eth/internal/crypto/kdf/scrypt.go:70.2,70.51 1 12
bloco-eth/internal/crypto/kdf/scrypt.go:70.51,74.3 1 4
bloco-eth/internal/crypto/kdf/scrypt.go:77.2,77.53 1 8
bloco-eth/internal/crypto/kdf/scrypt.go:77.53,79.3 1 1
bloco-eth/internal/crypto/kdf/scrypt.go:81.2,81.12 1 7
bloco-eth/internal/crypto/kdf/scrypt.go:85.58,86.14 1 23
bloco-eth/internal/crypto/kdf/scrypt.go:86.14,90.3 1 2
bloco-eth/internal/crypto/kdf/scrypt.go:92.2,92.18 1 21
bloco-eth/internal/crypto/kdf/scrypt.go:92.18,96.3 1 1
bloco-eth/internal/crypto/kdf/scrypt.go:98.2,98.25 1 20
bloco-eth/internal/crypto/kdf/scrypt.go:98.25,102.3 1 2
bloco-eth/internal/crypto/kdf/scrypt.go:104.2,104.12 1 18
bloco-eth/internal/crypto/kdf/scrypt.go:108.58,109.11 1 18
bloco-eth/internal/crypto/kdf/scrypt.go:109.11,113.3 1 1
bloco-eth/internal/crypto/kdf/scrypt.go:115.2,115.14 1 17
bloco-eth/internal/crypto/kdf/scrypt.go:115.14,119.3 1 1
bloco-eth/internal/crypto/kdf/scrypt.go:121.2,121.12 1 16
bloco-eth/internal/crypto/kdf/scrypt.go:125.58,126.11 1 16
bloco-eth/internal/crypto/kdf/scrypt.go:126.11,130.3 1 1
bloco-eth/internal/crypto/kdf/scrypt.go:132.2,132.12 1 15
bloco-eth/internal/crypto/kdf/scrypt.go:132.12,136.3 1 1
bloco-eth/internal/crypto/kdf/scrypt.go:138.2,138.12 1 14
bloco-eth/internal/crypto/kdf/scrypt.go:142.66,143.16 1 14
bloco-eth/internal/crypto/kdf/scrypt.go:143.16,147.3 1 1
bloco-eth/internal/crypto/kdf/scrypt.go:149.2,149.17 1 13
bloco-eth/internal/crypto/kdf/scrypt.go:149.17,153.3 1 1
bloco-eth/internal/crypto/kdf/scrypt.go:155.2,155.12 1 12
bloco-eth/internal/crypto/kdf/scrypt.go:159.62,164.29 3 8
bloco-eth/internal/crypto/kdf/scrypt.go:164.29,173.3 1 1
bloco-eth/internal/crypto/kdf/scrypt.go:175.2,175.12 1 7
bloco-eth/internal/crypto/kdf/scrypt.go:179.68,186.2 1 2
bloco-eth/internal/crypto/kdf/scrypt.go:189.77,197.40 2 7
bloco-eth/internal/crypto/kdf/scrypt.go:197.40,199.3 1 5
bloco-eth/internal/crypto/kdf/scrypt.go:200.2,200.17 1 2
bloco-eth/internal/crypto/kdf/scrypt.go:204.107,205.29 1 87
bloco-eth/internal/crypto/kdf/scrypt.go:205.29,206.44 1 91
bloco-eth/internal/crypto/kdf/scrypt.go:206.44,208.4 1 85
bloco-eth/internal/crypto/kdf/scrypt.go:210.2,210.21 1 2
bloco-eth/internal/crypto/kdf/scrypt.go:214.80,215.27 1 85
bloco-eth/internal/crypto/kdf/scrypt.go:216.11,217.11 1 85
bloco-eth/internal/crypto/kdf/scrypt.go:218.13,219.16 1 0
bloco-eth/internal/crypto/kdf/scrypt.go:220.15,221.16 1 0
bloco-eth/internal/crypto/kdf/scrypt.go:222.14,223.44 1 0
bloco-eth/internal/crypto/kdf/scrypt.go:223.44,225.4 1 0
bloco-eth/internal/crypto/kdf/scrypt.go:226.19,227.38 1 0
bloco-eth/internal/crypto/kdf/scrypt.go:227.38,229.4 1 0
bloco-eth/internal/crypto/kdf/scrypt.go:231.2,231.21 1 0
bloco-eth/internal/crypto/kdf/scrypt.go:235.86,238.33 2 16
bloco-eth/internal/crypto/kdf/scrypt.go:238.33,239.44 1 24
bloco-eth/internal/crypto/kdf/scrypt.go:239.44,241.4 1 12
bloco-eth/internal/crypto/kdf/scrypt.go:244.2,244.52 1 4
bloco-eth/internal/crypto/kdf/scrypt.go:248.76,249.27 1 12
bloco-eth/internal/crypto/kdf/scrypt.go:250.14,253.44 2 11
bloco-eth/internal/crypto/kdf/scrypt.go:253.44,254.58 1 10
bloco-eth/internal/crypto/kdf/scrypt.go:254.58,256.5 1 10
bloco-eth/internal/crypto/kdf/scrypt.go:259.3,259.24 1 1
bloco-eth/internal/crypto/kdf/scrypt.go:261.14,262.16 1 0
bloco-eth/internal/crypto/kdf/scrypt.go:264.21,267.26 2 0
bloco-eth/internal/crypto/kdf/scrypt.go:267.26,268.30 1 0
bloco-eth/internal/crypto/kdf/scrypt.go:269.17,270.29 1 0
bloco-eth/internal/crypto/kdf/scrypt.go:270.29,272.6 1 0
bloco-eth/internal/crypto/kdf/scrypt.go:273.5,273.25 1 0
bloco-eth/internal/crypto/kdf/scrypt.go:274.13,275.29 1 0
bloco-eth/internal/crypto/kdf/scrypt.go:275.29,277.6 1 0
bloco-eth/internal/crypto/kdf/scrypt.go:278.5,278.25 1 0
bloco-eth/internal/crypto/kdf/scrypt.go:279.12,280.75 1 0
bloco-eth/internal/crypto/kdf/scrypt.go:283.3,283.20 1 0
bloco-eth/internal/crypto/kdf/scrypt.go:285.10,286.61 1 1
bloco-eth/internal/crypto/kdf/scrypt.go:291.51,293.2 1 20
bloco-eth/internal/crypto/kdf/service.go:17.52,30.2 6 30
bloco-eth/internal/crypto/kdf/service.go:33.78,37.2 3 0
bloco-eth/internal/crypto/kdf/service.go:40.78,41.20 1 120
bloco-eth/internal/crypto/kdf/service.go:41.20,43.3 1 0
bloco-eth/internal/crypto/kdf/service.go:44.2,44.52 1 120
bloco-eth/internal/crypto/kdf/service.go:48.98,49.19 1 0
bloco-eth/internal/crypto/kdf/service.go:49.19,51.3 1 0
bloco-eth/internal/crypto/kdf/service.go:53.2,54.19 2 0
bloco-eth/internal/crypto/kdf/service.go:54.19,56.3 1 0
bloco-eth/internal/crypto/kdf/service.go:59.2,62.13 3 0
bloco-eth/internal/crypto/kdf/service.go:62.13,66.3 1 0
bloco-eth/internal/crypto/kdf/service.go:69.2,72.65 2 0
bloco-eth/internal/crypto/kdf/service.go:72.65,81.3 3 0
bloco-eth/internal/crypto/kdf/service.go:84.2,88.16 4 0
bloco-eth/internal/crypto/kdf/service.go:88.16,97.3 3 0
bloco-eth/internal/crypto/kdf/service.go:99.2,100.24 2 0
bloco-eth/internal/crypto/kdf/service.go:104.69,142.52 3 65
bloco-eth/internal/crypto/kdf/service.go:142.52,144.3 1 58
bloco-eth/internal/crypto/kdf/service.go:147.2,147.17 1 7
bloco-eth/internal/crypto/kdf/service.go:151.61,153.37 2 1
bloco-eth/internal/crypto/kdf/service.go:153.37,155.3 1 4
bloco-eth/internal/crypto/kdf/service.go:156.2,156.13 1 1
bloco-eth/internal/crypto/kdf/service.go:160.98,164.13 3 3
bloco-eth/internal/crypto/kdf/service.go:164.13,167.3 1 1
bloco-eth/internal/crypto/kdf/service.go:169.2,169.40 1 2
bloco-eth/internal/crypto/kdf/service.go:173.101,177.13 3 12
bloco-eth/internal/crypto/kdf/service.go:177.13,180.3 1 0
bloco-eth/internal/crypto/kdf/service.go:182.2,182.39 1 12
bloco-eth/internal/crypto/kdf/service.go:186.104,190.13 3 3
bloco-eth/internal/crypto/kdf/service.go:190.13,193.3 1 1
bloco-eth/internal/crypto/kdf/service.go:195.2,196.30 2 2
bloco-eth/internal/crypto/kdf/service.go:196.30,199.3 1 1
bloco-eth/internal/crypto/kdf/service.go:201.2,201.22 1 1
bloco-eth/internal/crypto/kdf/service.go:205.61,206.19 1 0
bloco-eth/internal/crypto/kdf/service.go:206.19,208.3 1 0
bloco-eth/internal/crypto/kdf/service.go:212.69,216.2 3 14
bloco-eth/internal/crypto/kdf/service.go:219.56,221.2 1 0
bloco-eth/internal/crypto/kdf/service.go:224.87,225.23 1 4
bloco-eth/internal/crypto/kdf/service.go:226.24,227.18 1 1
bloco-eth/internal/crypto/kdf/service.go:228.27,229.18 1 1
bloco-eth/internal/crypto/kdf/service.go:230.48,231.18 1 2
bloco-eth/internal/crypto/kdf/service.go:232.10,233.29 1 0
bloco-eth/internal/crypto/kdf/service.go:238.60,241.2 2 0
bloco-eth/internal/crypto/kdf/service.go:244.72,275.47 4 2
bloco-eth/internal/crypto/kdf/service.go:275.47,276.34 1 42
bloco-eth/internal/crypto/kdf/service.go:276.34,278.4 1 11
bloco-eth/internal/crypto/kdf/service.go:281.2,281.16 1 2
bloco-eth/internal/crypto/kdf/service.go:288.83,288.84 0 0
bloco-eth/internal/crypto/kdf/service.go:291.76,291.77 0 0
bloco-eth/internal/crypto/kdf/service.go:294.61,294.62 0 0
bloco-eth/internal/crypto/kdf/service.go:297.90,297.91 0 0
bloco-eth/internal/crypto/kdf/types.go:31.35,32.23 1 20
bloco-eth/internal/crypto/kdf/types.go:32.23,34.3 1 20
bloco-eth/internal/crypto/kdf/types.go:35.2,35.62 1 0
bloco-eth/internal/crypto/kdf/types.go:39.41,41.2 1 1
bloco-eth/internal/crypto/kdf/types.go:44.46,46.2 1 5
bloco-eth/internal/crypto/kdf/types.go:49.111,60.2 1 30
bloco-eth/internal/crypto/kdf/types.go:63.69,66.2 2 25
bloco-eth/internal/crypto/kdf/types.go:69.64,72.2 2 0
bloco-eth/internal/crypto/kdf/types.go:133.34,135.2 1 0
bloco-eth/internal/crypto/kdf/types.go:138.33,139.11 1 0
bloco-eth/internal/crypto/kdf/types.go:140.78,141.14 1 0
bloco-eth/internal/crypto/kdf/types.go:142.10,143.15 1 0
bloco-eth/pkg/errors/types.go:35.37,36.20 1 0
bloco-eth/pkg/errors/types.go:36.20,39.3 1 0
bloco-eth/pkg/errors/types.go:40.2,40.74 1 0
bloco-eth/pkg/errors/types.go:44.37,46.2 1 0
bloco-eth/pkg/errors/types.go:49.77,50.22 1 0
bloco-eth/pkg/errors/types.go:50.22,52.3 1 0
bloco-eth/pkg/errors/types.go:53.2,54.10 2 0
bloco-eth/pkg/errors/types.go:58.46,61.2 2 0
bloco-eth/pkg/errors/types.go:64.80,72.2 1 0
bloco-eth/pkg/errors/types.go:75.102,84.2 1 0
bloco-eth/pkg/errors/types.go:89.64,91.2 1 0
bloco-eth/pkg/errors/types.go:94.73,96.2 1 0
bloco-eth/pkg/errors/types.go:99.60,101.2 1 0
bloco-eth/pkg/errors/types.go:104.67,106.2 1 0
bloco-eth/pkg/errors/types.go:109.77,111.2 1 0
bloco-eth/pkg/errors/types.go:114.75,117.2 1 0
bloco-eth/pkg/errors/types.go:120.66,122.2 1 0
bloco-eth/pkg/errors/types.go:125.30,127.26 2 0
bloco-eth/pkg/errors/types.go:127.26,129.10 2 0
bloco-eth/pkg/errors/types.go:129.10,130.9 1 0
bloco-eth/pkg/errors/types.go:133.3,134.16 2 0
bloco-eth/pkg/errors/types.go:134.16,135.12 1 0
bloco-eth/pkg/errors/types.go:138.3,138.72 1 0
bloco-eth/pkg/errors/types.go:140.2,140.14 1 0
bloco-eth/pkg/errors/types.go:144.55,145.43 1 0
bloco-eth/pkg/errors/types.go:145.43,147.3 1 0
bloco-eth/pkg/errors/types.go:148.2,148.14 1 0
bloco-eth/pkg/errors/types.go:152.56,153.43 1 0
bloco-eth/pkg/errors/types.go:153.43,155.3 1 0
bloco-eth/pkg/errors/types.go:156.2,156.12 1 0
bloco-eth/pkg/errors/types.go:160.87,162.2 1 0
bloco-eth/internal/tui/benchmark.go:55.41,93.2 8 0
bloco-eth/internal/tui/benchmark.go:96.40,101.2 1 0
bloco-eth/internal/tui/benchmark.go:104.66,108.27 3 0
bloco-eth/internal/tui/benchmark.go:109.25,113.34 4 0
bloco-eth/internal/tui/benchmark.go:113.34,115.4 1 0
bloco-eth/internal/tui/benchmark.go:117.18,118.23 1 0
bloco-eth/internal/tui/benchmark.go:119.22,121.52 2 0
bloco-eth/internal/tui/benchmark.go:122.25,123.40 1 0
bloco-eth/internal/tui/benchmark.go:123.40,127.5 1 0
bloco-eth/internal/tui/benchmark.go:130.26,136.25 5 0
bloco-eth/internal/tui/benchmark.go:136.25,138.57 2 0
bloco-eth/internal/tui/benchmark.go:138.57,141.5 2 0
bloco-eth/internal/tui/benchmark.go:144.28,148.32 4 0
bloco-eth/internal/tui/benchmark.go:150.15,152.45 1 0
bloco-eth/internal/tui/benchmark.go:152.45,153.59 1 0
bloco-eth/internal/tui/benchmark.go:153.59,156.5 2 0
bloco-eth/internal/tui/benchmark.go:160.3,160.33 1 0
bloco-eth/internal/tui/benchmark.go:162.25,165.35 3 0
bloco-eth/internal/tui/benchmark.go:169.2,169.38 1 0
bloco-eth/internal/tui/benchmark.go:169.38,172.3 2 0
bloco-eth/internal/tui/benchmark.go:174.2,174.30 1 0
bloco-eth/internal/tui/benchmark.go:178.39,179.16 1 0
bloco-eth/internal/tui/benchmark.go:179.16,181.3 1 0
bloco-eth/internal/tui/benchmark.go:183.2,183.17 1 0
bloco-eth/internal/tui/benchmark.go:184.30,185.32 1 0
bloco-eth/internal/tui/benchmark.go:186.35,187.34 1 0
bloco-eth/internal/tui/benchmark.go:188.29,189.31 1 0
bloco-eth/internal/tui/benchmark.go:190.10,191.32 1 0
bloco-eth/internal/tui/benchmark.go:196.53,204.32 4 0
bloco-eth/internal/tui/benchmark.go:204.32,208.65 2 0
bloco-eth/internal/tui/benchmark.go:208.65,211.34 2 0
bloco-eth/internal/tui/benchmark.go:211.34,213.5 1 0
bloco-eth/internal/tui/benchmark.go:214.9,217.4 1 0
bloco-eth/internal/tui/benchmark.go:219.3,219.28 1 0
bloco-eth/internal/tui/benchmark.go:219.28,221.4 1 0
bloco-eth/internal/tui/benchmark.go:222.3,222.26 1 0
bloco-eth/internal/tui/benchmark.go:222.26,224.4 1 0
bloco-eth/internal/tui/benchmark.go:226.3,227.38 2 0
bloco-eth/internal/tui/benchmark.go:231.2,237.22 3 0
bloco-eth/internal/tui/benchmark.go:237.22,258.3 1 0
bloco-eth/internal/tui/benchmark.go:258.8,272.3 1 0
bloco-eth/internal/tui/benchmark.go:274.2,280.19 4 0
bloco-eth/internal/tui/benchmark.go:284.55,296.2 7 0
bloco-eth/internal/tui/benchmark.go:299.52,307.22 4 0
bloco-eth/internal/tui/benchmark.go:307.22,326.3 3 0
bloco-eth/internal/tui/benchmark.go:329.2,339.19 5 0
bloco-eth/internal/tui/benchmark.go:343.59,344.22 1 0
bloco-eth/internal/tui/benchmark.go:344.22,346.3 1 0
bloco-eth/internal/tui/benchmark.go:348.2,360.13 2 0
bloco-eth/internal/tui/benchmark.go:364.24,365.66 1 0
bloco-eth/internal/tui/benchmark.go:365.66,367.3 1 0
bloco-eth/internal/tui/benchmark.go:371.40,372.22 1 0
bloco-eth/internal/tui/benchmark.go:372.22,374.3 1 0
bloco-eth/internal/tui/benchmark.go:374.8,374.26 1 0
bloco-eth/internal/tui/benchmark.go:374.26,376.3 1 0
bloco-eth/internal/tui/benchmark.go:377.2,377.35 1 0
bloco-eth/internal/tui/manager.go:45.34,47.2 1 9
bloco-eth/internal/tui/manager.go:50.60,60.73 2 12
bloco-eth/internal/tui/manager.go:60.73,65.3 4 0
bloco-eth/internal/tui/manager.go:68.2,69.42 2 12
bloco-eth/internal/tui/manager.go:69.42,71.3 1 0
bloco-eth/internal/tui/manager.go:74.2,76.21 2 12
bloco-eth/internal/tui/manager.go:80.49,83.33 1 21
bloco-eth/internal/tui/manager.go:83.33,85.3 1 1
bloco-eth/internal/tui/manager.go:88.2,91.42 2 20
bloco-eth/internal/tui/manager.go:91.42,93.3 1 2
bloco-eth/internal/tui/manager.go:96.2,96.40 1 18
bloco-eth/internal/tui/manager.go:96.40,98.3 1 1
bloco-eth/internal/tui/manager.go:101.2,106.38 1 17
bloco-eth/internal/tui/manager.go:106.38,108.3 1 17
bloco-eth/internal/tui/manager.go:111.2,111.58 1 0
bloco-eth/internal/tui/manager.go:111.58,114.41 2 0
bloco-eth/internal/tui/manager.go:114.41,116.4 1 0
bloco-eth/internal/tui/manager.go:120.2,120.13 1 0
bloco-eth/internal/tui/manager.go:124.51,127.16 2 18
bloco-eth/internal/tui/manager.go:127.16,128.72 1 15
bloco-eth/internal/tui/manager.go:128.72,130.4 1 14
bloco-eth/internal/tui/manager.go:132.3,132.51 1 1
bloco-eth/internal/tui/manager.go:132.51,134.4 1 1
bloco-eth/internal/tui/manager.go:138.2,139.17 2 3
bloco-eth/internal/tui/manager.go:139.17,140.74 1 1
bloco-eth/internal/tui/manager.go:140.74,142.4 1 1
bloco-eth/internal/tui/manager.go:143.3,143.38 1 0
bloco-eth/internal/tui/manager.go:143.38,145.4 1 0
bloco-eth/internal/tui/manager.go:149.2,150.19 2 2
bloco-eth/internal/tui/manager.go:150.19,151.78 1 1
bloco-eth/internal/tui/manager.go:151.78,153.4 1 1
bloco-eth/internal/tui/manager.go:154.3,154.40 1 0
bloco-eth/internal/tui/manager.go:154.40,156.4 1 0
bloco-eth/internal/tui/manager.go:161.2,161.14 1 1
bloco-eth/internal/tui/manager.go:165.43,167.52 1 22
bloco-eth/internal/tui/manager.go:167.52,170.78 2 20
bloco-eth/internal/tui/manager.go:170.78,172.4 1 12
bloco-eth/internal/tui/manager.go:174.3,174.98 1 8
bloco-eth/internal/tui/manager.go:174.98,176.25 1 8
bloco-eth/internal/tui/manager.go:176.25,178.5 1 0
bloco-eth/internal/tui/manager.go:184.2,185.42 2 10
bloco-eth/internal/tui/manager.go:185.42,187.3 1 2
bloco-eth/internal/tui/manager.go:191.2,199.43 4 8
bloco-eth/internal/tui/manager.go:199.43,200.37 1 8
bloco-eth/internal/tui/manager.go:200.37,202.4 1 0
bloco-eth/internal/tui/manager.go:205.3,205.26 1 8
bloco-eth/internal/tui/manager.go:205.26,208.64 1 0
bloco-eth/internal/tui/manager.go:208.64,209.39 1 0
bloco-eth/internal/tui/manager.go:209.39,211.6 1 0
bloco-eth/internal/tui/manager.go:212.10,213.39 1 0
bloco-eth/internal/tui/manager.go:213.39,215.6 1 0
bloco-eth/internal/tui/manager.go:216.5,216.17 1 0
bloco-eth/internal/tui/manager.go:218.9,219.38 1 8
bloco-eth/internal/tui/manager.go:219.38,221.5 1 0
bloco-eth/internal/tui/manager.go:226.2,229.73 2 8
bloco-eth/internal/tui/manager.go:229.73,230.37 1 0
bloco-eth/internal/tui/manager.go:230.37,232.4 1 0
bloco-eth/internal/tui/manager.go:233.3,233.15 1 0
bloco-eth/internal/tui/manager.go:239.2,239.28 1 8
bloco-eth/internal/tui/manager.go:239.28,240.37 1 8
bloco-eth/internal/tui/manager.go:240.37,242.4 1 0
bloco-eth/internal/tui/manager.go:243.3,243.15 1 8
bloco-eth/internal/tui/manager.go:247.2,247.29 1 0
bloco-eth/internal/tui/manager.go:247.29,248.37 1 0
bloco-eth/internal/tui/manager.go:248.37,250.4 1 0
bloco-eth/internal/tui/manager.go:251.3,251.15 1 0
bloco-eth/internal/tui/manager.go:255.2,256.13 2 0
bloco-eth/internal/tui/manager.go:260.48,267.35 2 22
bloco-eth/internal/tui/manager.go:267.35,268.30 1 34
bloco-eth/internal/tui/manager.go:268.30,270.4 1 21
bloco-eth/internal/tui/manager.go:273.2,273.14 1 1
bloco-eth/internal/tui/manager.go:277.49,281.2 1 0
bloco-eth/internal/tui/manager.go:284.111,286.2 1 0
bloco-eth/internal/tui/manager.go:289.56,291.2 1 0
bloco-eth/internal/tui/manager.go:294.81,296.2 1 0
bloco-eth/internal/tui/manager.go:299.57,301.2 1 1
bloco-eth/internal/tui/manager.go:304.40,306.2 1 3
bloco-eth/internal/tui/manager.go:309.48,311.2 1 2
bloco-eth/internal/tui/manager.go:314.61,315.51 1 1
bloco-eth/internal/tui/manager.go:315.51,317.3 1 0
bloco-eth/internal/tui/manager.go:319.2,319.73 1 1
bloco-eth/internal/tui/manager.go:319.73,323.3 3 0
bloco-eth/internal/tui/manager.go:326.2,326.15 1 1
bloco-eth/internal/tui/manager.go:330.44,332.2 1 1
bloco-eth/internal/tui/progress.go:77.95,128.2 11 0
bloco-eth/internal/tui/progress.go:131.39,133.2 1 0
bloco-eth/internal/tui/progress.go:136.65,137.27 1 0
bloco-eth/internal/tui/progress.go:138.18,139.23 1 0
bloco-eth/internal/tui/progress.go:140.22,142.22 2 0
bloco-eth/internal/tui/progress.go:143.18,145.49 1 0
bloco-eth/internal/tui/progress.go:145.49,149.5 3 0
bloco-eth/internal/tui/progress.go:150.20,152.49 1 0
bloco-eth/internal/tui/progress.go:152.49,156.5 3 0
bloco-eth/internal/tui/progress.go:158.3,158.16 1 0
bloco-eth/internal/tui/progress.go:160.25,164.34 4 0
bloco-eth/internal/tui/progress.go:164.34,166.4 1 0
bloco-eth/internal/tui/progress.go:167.3,167.16 1 0
bloco-eth/internal/tui/progress.go:169.15,170.17 1 0
bloco-eth/internal/tui/progress.go:170.17,172.4 1 0
bloco-eth/internal/tui/progress.go:175.3,175.24 1 0
bloco-eth/internal/tui/progress.go:177.19,179.21 1 0
bloco-eth/internal/tui/progress.go:179.21,195.29 12 0
bloco-eth/internal/tui/progress.go:195.29,197.5 1 0
bloco-eth/internal/tui/progress.go:200.4,200.92 1 0
bloco-eth/internal/tui/progress.go:200.92,205.5 4 0
bloco-eth/internal/tui/progress.go:207.4,208.17 2 0
bloco-eth/internal/tui/progress.go:210.3,210.16 1 0
bloco-eth/internal/tui/progress.go:212.23,224.25 5 0
bloco-eth/internal/tui/progress.go:224.25,226.29 2 0
bloco-eth/internal/tui/progress.go:226.29,228.5 1 0
bloco-eth/internal/tui/progress.go:229.4,229.44 1 0
bloco-eth/internal/tui/progress.go:229.44,232.23 3 0
bloco-eth/internal/tui/progress.go:232.23,235.6 2 0
bloco-eth/internal/tui/progress.go:237.4,238.17 2 0
bloco-eth/internal/tui/progress.go:241.3,241.16 1 0
bloco-eth/internal/tui/progress.go:243.15,245.21 2 0
bloco-eth/internal/tui/progress.go:248.25,251.16 3 0
bloco-eth/internal/tui/progress.go:253.10,257.16 3 0
bloco-eth/internal/tui/progress.go:262.38,263.20 1 0
bloco-eth/internal/tui/progress.go:263.20,265.3 1 0
bloco-eth/internal/tui/progress.go:267.2,281.23 9 0
bloco-eth/internal/tui/progress.go:281.23,283.3 1 0
bloco-eth/internal/tui/progress.go:284.2,285.24 2 0
bloco-eth/internal/tui/progress.go:285.24,287.3 1 0
bloco-eth/internal/tui/progress.go:288.2,305.24 12 0
bloco-eth/internal/tui/progress.go:305.24,311.3 1 0
bloco-eth/internal/tui/progress.go:311.8,311.37 1 0
bloco-eth/internal/tui/progress.go:311.37,314.3 1 0
bloco-eth/internal/tui/progress.go:314.8,317.3 1 0
bloco-eth/internal/tui/progress.go:318.2,331.27 8 0
bloco-eth/internal/tui/progress.go:331.27,333.30 2 0
bloco-eth/internal/tui/progress.go:333.30,341.4 6 0
bloco-eth/internal/tui/progress.go:345.2,345.47 1 0
bloco-eth/internal/tui/progress.go:345.47,353.3 7 0
bloco-eth/internal/tui/progress.go:356.2,358.47 3 0
bloco-eth/internal/tui/progress.go:358.47,360.3 1 0
bloco-eth/internal/tui/progress.go:360.8,362.3 1 0
bloco-eth/internal/tui/progress.go:364.2,364.25 1 0
bloco-eth/internal/tui/progress.go:367.40,369.2 1 0
bloco-eth/internal/tui/progress.go:372.42,373.66 1 0
bloco-eth/internal/tui/progress.go:373.66,375.3 1 0
bloco-eth/internal/tui/progress.go:379.50,395.29 4 0
bloco-eth/internal/tui/progress.go:395.29,399.3 3 0
bloco-eth/internal/tui/progress.go:401.2,401.25 1 0
bloco-eth/internal/tui/progress.go:405.72,418.35 4 0
bloco-eth/internal/tui/progress.go:418.35,422.3 3 0
bloco-eth/internal/tui/progress.go:424.2,424.25 1 0
bloco-eth/internal/tui/progress.go:428.43,429.18 1 0
bloco-eth/internal/tui/progress.go:429.18,432.3 2 0
bloco-eth/internal/tui/progress.go:433.2,433.31 1 0
bloco-eth/internal/tui/progress.go:433.31,435.3 1 0
bloco-eth/internal/tui/progress.go:436.2,436.25 1 0
bloco-eth/internal/tui/progress.go:440.53,441.31 1 0
bloco-eth/internal/tui/progress.go:441.31,443.3 1 0
bloco-eth/internal/tui/progress.go:444.2,444.28 1 0
bloco-eth/internal/tui/progress.go:448.146,449.24 1 0
bloco-eth/internal/tui/progress.go:449.24,458.3 1 0
bloco-eth/internal/tui/progress.go:462.25,463.24 1 0
bloco-eth/internal/tui/progress.go:463.24,465.3 1 0
bloco-eth/internal/tui/progress.go:469.120,470.24 1 0
bloco-eth/internal/tui/progress.go:470.24,481.3 1 0
bloco-eth/internal/tui/progress.go:485.46,488.41 2 0
bloco-eth/internal/tui/progress.go:488.41,489.25 1 0
bloco-eth/internal/tui/progress.go:489.25,498.4 1 0
bloco-eth/internal/tui/progress.go:498.9,507.28 3 0
bloco-eth/internal/tui/progress.go:507.28,509.5 1 0
bloco-eth/internal/tui/progress.go:511.4,517.6 1 0
bloco-eth/internal/tui/progress.go:521.2,521.30 1 0
bloco-eth/internal/tui/progress.go:525.63,526.21 1 0
bloco-eth/internal/tui/progress.go:526.21,528.3 1 0
bloco-eth/internal/tui/progress.go:529.2,529.21 1 0
bloco-eth/internal/tui/progress.go:529.21,531.3 1 0
bloco-eth/internal/tui/progress.go:532.2,532.42 1 0
bloco-eth/internal/tui/stats.go:39.62,60.32 7 0
bloco-eth/internal/tui/stats.go:60.32,72.3 2 0
bloco-eth/internal/tui/stats.go:72.8,83.3 2 0
bloco-eth/internal/tui/stats.go:85.2,95.3 2 0
bloco-eth/internal/tui/stats.go:99.36,101.2 1 0
bloco-eth/internal/tui/stats.go:104.62,107.27 2 0
bloco-eth/internal/tui/stats.go:108.25,112.16 4 0
bloco-eth/internal/tui/stats.go:114.18,115.23 1 0
bloco-eth/internal/tui/stats.go:116.29,118.22 2 0
bloco-eth/internal/tui/stats.go:119.18,121.17 2 0
bloco-eth/internal/tui/stats.go:122.20,124.17 2 0
bloco-eth/internal/tui/stats.go:125.21,128.17 2 0
bloco-eth/internal/tui/stats.go:131.22,133.23 1 0
bloco-eth/internal/tui/stats.go:133.23,136.4 2 0
bloco-eth/internal/tui/stats.go:138.10,139.15 1 0
bloco-eth/internal/tui/stats.go:139.15,142.4 2 0
bloco-eth/internal/tui/stats.go:145.2,146.15 2 0
bloco-eth/internal/tui/stats.go:150.35,151.20 1 0
bloco-eth/internal/tui/stats.go:151.20,153.3 1 0
bloco-eth/internal/tui/stats.go:155.2,192.25 23 0
bloco-eth/internal/tui/stats.go:196.52,208.24 8 0
bloco-eth/internal/tui/stats.go:208.24,210.3 1 0
bloco-eth/internal/tui/stats.go:211.2,220.25 7 0
bloco-eth/internal/tui/stats.go:224.50,247.39 9 0
bloco-eth/internal/tui/stats.go:247.39,254.3 1 0
bloco-eth/internal/tui/stats.go:254.8,260.3 1 0
bloco-eth/internal/tui/stats.go:261.2,267.31 4 0
bloco-eth/internal/tui/stats.go:267.31,271.32 3 0
bloco-eth/internal/tui/stats.go:271.32,278.4 4 0
bloco-eth/internal/tui/stats.go:278.9,281.4 2 0
bloco-eth/internal/tui/stats.go:283.3,283.73 1 0
bloco-eth/internal/tui/stats.go:286.2,289.25 3 0
bloco-eth/internal/tui/stats.go:293.56,316.39 9 0
bloco-eth/internal/tui/stats.go:316.39,323.3 1 0
bloco-eth/internal/tui/stats.go:323.8,329.3 1 0
bloco-eth/internal/tui/stats.go:330.2,336.43 4 0
bloco-eth/internal/tui/stats.go:336.43,340.29 3 0
bloco-eth/internal/tui/stats.go:340.29,345.20 3 0
bloco-eth/internal/tui/stats.go:345.20,347.5 1 0
bloco-eth/internal/tui/stats.go:347.10,347.25 1 0
bloco-eth/internal/tui/stats.go:347.25,349.5 1 0
bloco-eth/internal/tui/stats.go:349.10,349.23 1 0
bloco-eth/internal/tui/stats.go:349.23,351.5 1 0
bloco-eth/internal/tui/stats.go:351.10,351.24 1 0
bloco-eth/internal/tui/stats.go:351.24,353.5 1 0
bloco-eth/internal/tui/stats.go:353.10,353.24 1 0
bloco-eth/internal/tui/stats.go:353.24,355.5 1 0
bloco-eth/internal/tui/stats.go:355.10,355.24 1 0
bloco-eth/internal/tui/stats.go:355.24,357.5 1 0
bloco-eth/internal/tui/stats.go:357.10,359.5 1 0
bloco-eth/internal/tui/stats.go:360.9,363.4 2 0
bloco-eth/internal/tui/stats.go:365.3,365.78 1 0
bloco-eth/internal/tui/stats.go:368.2,371.25 3 0
bloco-eth/internal/tui/stats.go:375.52,387.24 8 0
bloco-eth/internal/tui/stats.go:387.24,390.3 2 0
bloco-eth/internal/tui/stats.go:390.8,390.31 1 0
bloco-eth/internal/tui/stats.go:390.31,393.3 2 0
bloco-eth/internal/tui/stats.go:393.8,393.31 1 0
bloco-eth/internal/tui/stats.go:393.31,396.3 2 0
bloco-eth/internal/tui/stats.go:396.8,399.3 2 0
bloco-eth/internal/tui/stats.go:401.2,409.24 7 0
bloco-eth/internal/tui/stats.go:409.24,414.3 4 0
bloco-eth/internal/tui/stats.go:417.2,421.25 4 0
bloco-eth/internal/tui/stats.go:425.47,426.20 1 0
bloco-eth/internal/tui/stats.go:426.20,428.3 1 0
bloco-eth/internal/tui/stats.go:431.2,434.12 3 0
bloco-eth/internal/tui/stats.go:438.58,473.24 9 0
bloco-eth/internal/tui/stats.go:473.24,480.3 2 0
bloco-eth/internal/tui/stats.go:483.2,483.31 1 0
bloco-eth/internal/tui/stats.go:483.31,489.3 1 0
bloco-eth/internal/tui/stats.go:489.8,495.3 1 0
bloco-eth/internal/tui/stats.go:498.2,508.31 5 0
bloco-eth/internal/tui/stats.go:508.31,510.3 1 0
bloco-eth/internal/tui/stats.go:510.8,512.3 1 0
bloco-eth/internal/tui/stats.go:513.2,519.13 2 0
bloco-eth/internal/tui/stats.go:523.54,524.27 1 0
bloco-eth/internal/tui/stats.go:524.27,526.3 1 0
bloco-eth/internal/tui/stats.go:530.2,533.23 2 0
bloco-eth/internal/tui/stats.go:533.23,535.23 2 0
bloco-eth/internal/tui/stats.go:535.23,538.4 1 0
bloco-eth/internal/tui/stats.go:541.2,541.16 1 0
bloco-eth/internal/tui/stats.go:545.41,546.18 1 0
bloco-eth/internal/tui/stats.go:546.18,554.3 2 0
bloco-eth/internal/tui/stats.go:554.8,554.26 1 0
bloco-eth/internal/tui/stats.go:554.26,562.3 2 0
bloco-eth/internal/tui/stats.go:562.8,570.3 2 0
bloco-eth/internal/tui/stats.go:573.2,573.19 1 0
bloco-eth/internal/tui/stats.go:573.19,575.3 1 0
bloco-eth/internal/tui/stats.go:575.8,575.26 1 0
bloco-eth/internal/tui/stats.go:575.26,577.3 1 0
bloco-eth/internal/tui/stats.go:577.8,579.3 1 0
bloco-eth/internal/tui/stats.go:588.57,589.24 1 0
bloco-eth/internal/tui/stats.go:589.24,591.3 1 0
bloco-eth/internal/tui/stats.go:597.69,598.21 1 0
bloco-eth/internal/tui/stats.go:598.21,600.3 1 0
bloco-eth/internal/tui/stats.go:601.2,601.56 1 0
bloco-eth/internal/tui/styles.go:56.38,60.2 3 0
bloco-eth/internal/tui/styles.go:63.82,70.2 4 0
bloco-eth/internal/tui/styles.go:73.44,143.2 14 0
bloco-eth/internal/tui/styles.go:146.71,150.33 2 0
bloco-eth/internal/tui/styles.go:150.33,152.3 1 0
bloco-eth/internal/tui/styles.go:155.2,155.37 1 0
bloco-eth/internal/tui/styles.go:155.37,157.3 1 0
bloco-eth/internal/tui/styles.go:160.2,160.37 1 0
bloco-eth/internal/tui/styles.go:160.37,162.3 1 0
bloco-eth/internal/tui/styles.go:165.2,165.35 1 0
bloco-eth/internal/tui/styles.go:165.35,167.3 1 0
bloco-eth/internal/tui/styles.go:171.45,206.2 8 0
bloco-eth/internal/tui/styles.go:209.49,214.2 3 0
bloco-eth/internal/tui/styles.go:217.53,226.2 2 0
bloco-eth/internal/tui/styles.go:229.45,232.2 0 0
bloco-eth/internal/tui/styles.go:235.58,235.81 1 0
[...]
bloco-eth/internal/crypto/keystore.go:1809.17,1811.4 1 0
bloco-eth/internal/crypto/keystore.go:1813.10,1814.63 1 0
bloco-eth/internal/crypto/keystore.go:1818.2,1819.16 2 0
bloco-eth/internal/crypto/keystore.go:1819.16,1821.3 1 0
bloco-eth/internal/crypto/keystore.go:1822.2,1822.12 1 0
bloco-eth/internal/crypto/keystore.go:1822.12,1824.3 1 0
bloco-eth/internal/crypto/keystore.go:1827.2,1829.16 3 0
bloco-eth/internal/crypto/keystore.go:1829.16,1831.3 1 0
bloco-eth/internal/crypto/keystore.go:1833.2,1833.29 1 0
bloco-eth/internal/crypto/keystore.go:1837.113,1838.21 1 5
bloco-eth/internal/crypto/keystore.go:1838.21,1840.3 1 0
bloco-eth/internal/crypto/keystore.go:1842.2,1843.16 2 5
bloco-eth/internal/crypto/keystore.go:1843.16,1845.3 1 0
bloco-eth/internal/crypto/keystore.go:1847.2,1848.16 2 5
bloco-eth/internal/crypto/keystore.go:1848.16,1850.3 1 0
bloco-eth/internal/crypto/keystore.go:1852.2,1852.20 1 5
bloco-eth/internal/crypto/keystore.go:1856.131,1860.2 2 4
bloco-eth/internal/crypto/keystore.go:1863.165,1865.16 2 8
bloco-eth/internal/crypto/keystore.go:1865.16,1866.44 1 0
bloco-eth/internal/crypto/keystore.go:1866.44,1868.4 1 0
bloco-eth/internal/crypto/keystore.go:1869.3,1869.62 1 0
bloco-eth/internal/crypto/keystore.go:1872.2,1872.29 1 8
bloco-eth/internal/crypto/keystore.go:1876.103,1878.16 2 2
bloco-eth/internal/crypto/keystore.go:1878.16,1879.44 1 1
bloco-eth/internal/crypto/keystore.go:1879.44,1881.4 1 1
bloco-eth/internal/crypto/keystore.go:1882.3,1882.57 1 0
bloco-eth/internal/crypto/keystore.go:1884.2,1884.12 1 1
bloco-eth/internal/crypto/keystore.go:1888.56,1890.2 1 1
bloco-eth/internal/crypto/keystore.go:1893.69,1895.2 1 0
bloco-eth/internal/crypto/keystore.go:1898.85,1900.2 1 0
bloco-eth/internal/crypto/password.go:19.47,26.2 1 48
bloco-eth/internal/crypto/password.go:35.48,40.2 1 44
bloco-eth/internal/crypto/password.go:43.96,44.20 1 5
bloco-eth/internal/crypto/password.go:44.20,46.3 1 3
bloco-eth/internal/crypto/password.go:47.2,50.3 1 5
bloco-eth/internal/crypto/password.go:55.71,58.38 2 1274
bloco-eth/internal/crypto/password.go:58.38,61.3 1 0
bloco-eth/internal/crypto/password.go:64.2,65.24 2 1274
bloco-eth/internal/crypto/password.go:65.24,68.3 1 0
bloco-eth/internal/crypto/password.go:71.2,75.83 2 1274
bloco-eth/internal/crypto/password.go:75.83,78.3 1 0
bloco-eth/internal/crypto/password.go:81.2,81.83 1 1274
bloco-eth/internal/crypto/password.go:81.83,84.3 1 0
bloco-eth/internal/crypto/password.go:87.2,87.81 1 1274
bloco-eth/internal/crypto/password.go:87.81,90.3 1 0
bloco-eth/internal/crypto/password.go:93.2,93.81 1 1274
bloco-eth/internal/crypto/password.go:93.81,96.3 1 0
bloco-eth/internal/crypto/password.go:99.2,99.37 1 1274
bloco-eth/internal/crypto/password.go:99.37,100.72 1 10192
bloco-eth/internal/crypto/password.go:100.72,103.4 1 0
bloco-eth/internal/crypto/password.go:107.2,107.53 1 1274
bloco-eth/internal/crypto/password.go:107.53,110.3 1 0
bloco-eth/internal/crypto/password.go:112.2,115.52 2 1274
bloco-eth/internal/crypto/password.go:115.52,118.3 1 0
bloco-eth/internal/crypto/password.go:120.2,120.20 1 1274
bloco-eth/internal/crypto/password.go:124.104,125.23 1 15288
bloco-eth/internal/crypto/password.go:125.23,128.3 1 0
bloco-eth/internal/crypto/password.go:132.2,134.16 3 15288
bloco-eth/internal/crypto/password.go:134.16,137.3 1 0
bloco-eth/internal/crypto/password.go:140.2,141.38 2 15288
bloco-eth/internal/crypto/password.go:141.38,143.17 2 4952
bloco-eth/internal/crypto/password.go:143.17,146.4 1 0
bloco-eth/internal/crypto/password.go:149.2,151.12 3 15288
bloco-eth/internal/crypto/password.go:155.69,157.29 2 1274
bloco-eth/internal/crypto/password.go:157.29,161.17 3 14014
bloco-eth/internal/crypto/password.go:161.17,164.4 1 0
bloco-eth/internal/crypto/password.go:167.3,168.39 2 14014
bloco-eth/internal/crypto/password.go:168.39,170.18 2 131
bloco-eth/internal/crypto/password.go:170.18,173.5 1 0
bloco-eth/internal/crypto/password.go:176.3,177.54 2 14014
bloco-eth/internal/crypto/password.go:179.2,179.12 1 1274
bloco-eth/internal/crypto/password.go:183.70,185.34 1 1385
bloco-eth/internal/crypto/password.go:185.34,189.3 1 1
bloco-eth/internal/crypto/password.go:192.2,194.32 2 1384
bloco-eth/internal/crypto/password.go:194.32,196.55 1 16617
bloco-eth/internal/crypto/password.go:196.55,198.4 1 4754
bloco-eth/internal/crypto/password.go:201.3,201.55 1 16617
bloco-eth/internal/crypto/password.go:201.55,203.4 1 4556
bloco-eth/internal/crypto/password.go:206.3,206.53 1 16617
bloco-eth/internal/crypto/password.go:206.53,208.4 1 2641
bloco-eth/internal/crypto/password.go:211.3,211.53 1 16617
bloco-eth/internal/crypto/password.go:211.53,213.4 1 4666
bloco-eth/internal/crypto/password.go:217.2,218.15 2 1384
bloco-eth/internal/crypto/password.go:218.15,220.3 1 1
bloco-eth/internal/crypto/password.go:221.2,221.15 1 1384
bloco-eth/internal/crypto/password.go:221.15,223.3 1 2
bloco-eth/internal/crypto/password.go:224.2,224.16 1 1384
bloco-eth/internal/crypto/password.go:224.16,226.3 1 2
bloco-eth/internal/crypto/password.go:227.2,227.17 1 1384
bloco-eth/internal/crypto/password.go:227.17,229.3 1 2
bloco-eth/internal/crypto/password.go:231.2,231.22 1 1384
bloco-eth/internal/crypto/password.go:231.22,235.3 1 5
bloco-eth/internal/crypto/password.go:237.2,237.12 1 1379
bloco-eth/internal/crypto/password.go:241.49,243.2 1 5
bloco-eth/internal/crypto/password.go:246.59,248.2 1 2
bloco-eth/internal/crypto/password.go:251.55,252.17 1 4
bloco-eth/internal/crypto/password.go:252.17,254.3 1 3
bloco-eth/internal/crypto/password.go:255.2,255.23 1 4
bloco-eth/internal/crypto/password.go:259.72,261.33 1 5
bloco-eth/internal/crypto/password.go:261.33,264.3 1 1
bloco-eth/internal/crypto/password.go:265.2,265.33 1 4
bloco-eth/internal/crypto/password.go:265.33,268.3 1 1
bloco-eth/internal/crypto/password.go:269.2,269.31 1 3
bloco-eth/internal/crypto/password.go:269.31,272.3 1 1
bloco-eth/internal/crypto/password.go:273.2,273.31 1 2
bloco-eth/internal/crypto/password.go:273.31,276.3 1 1
bloco-eth/internal/crypto/password.go:278.2,279.12 2 1
bloco-eth/internal/crypto/pools.go:53.53,60.2 1 0
bloco-eth/internal/crypto/pools.go:63.52,65.2 1 0
bloco-eth/internal/crypto/pools.go:68.52,70.2 1 0
bloco-eth/internal/crypto/pools.go:73.52,75.2 1 0
bloco-eth/internal/crypto/pools.go:78.51,81.28 1 0
bloco-eth/internal/crypto/pools.go:81.28,84.5 2 0
bloco-eth/internal/crypto/pools.go:87.28,90.5 2 0
bloco-eth/internal/crypto/pools.go:93.28,95.5 1 0
bloco-eth/internal/crypto/pools.go:98.28,104.5 1 0
bloco-eth/internal/crypto/pools.go:111.52,113.2 1 0
bloco-eth/internal/crypto/pools.go:116.55,117.30 1 0
bloco-eth/internal/crypto/pools.go:117.30,119.22 1 0
bloco-eth/internal/crypto/pools.go:119.22,121.4 1 0
bloco-eth/internal/crypto/pools.go:123.2,123.29 1 0
bloco-eth/internal/crypto/pools.go:127.51,129.2 1 0
bloco-eth/internal/crypto/pools.go:132.54,133.30 1 0
bloco-eth/internal/crypto/pools.go:133.30,135.22 1 0
bloco-eth/internal/crypto/pools.go:135.22,137.4 1 0
bloco-eth/internal/crypto/pools.go:139.2,139.28 1 0
bloco-eth/internal/crypto/pools.go:143.44,147.2 3 0
bloco-eth/internal/crypto/pools.go:150.50,151.30 1 0
bloco-eth/internal/crypto/pools.go:151.30,153.3 1 0
bloco-eth/internal/crypto/pools.go:154.2,154.27 1 0
bloco-eth/internal/crypto/pools.go:158.55,165.2 5 0
bloco-eth/internal/crypto/pools.go:168.58,169.30 1 0
bloco-eth/internal/crypto/pools.go:169.30,171.19 1 0
bloco-eth/internal/crypto/pools.go:171.19,173.4 1 0
bloco-eth/internal/crypto/pools.go:174.3,174.19 1 0
bloco-eth/internal/crypto/pools.go:174.19,176.4 1 0
bloco-eth/internal/crypto/pools.go:177.3,177.19 1 0
bloco-eth/internal/crypto/pools.go:177.19,179.4 1 0
bloco-eth/internal/crypto/pools.go:181.2,181.26 1 0
bloco-eth/internal/crypto/pools.go:185.51,188.28 1 0
bloco-eth/internal/crypto/pools.go:188.28,190.5 1 0
bloco-eth/internal/crypto/pools.go:197.45,201.2 3 0
bloco-eth/internal/crypto/pools.go:204.51,207.2 2 0
bloco-eth/internal/crypto/pools.go:210.51,213.28 1 0
bloco-eth/internal/crypto/pools.go:213.28,216.5 2 0
bloco-eth/internal/crypto/pools.go:219.28,221.5 1 0
bloco-eth/internal/crypto/pools.go:224.28,227.5 2 0
bloco-eth/internal/crypto/pools.go:234.46,237.2 2 0
bloco-eth/internal/crypto/pools.go:240.49,241.30 1 0
bloco-eth/internal/crypto/pools.go:241.30,243.22 1 0
bloco-eth/internal/crypto/pools.go:243.22,245.4 1 0
bloco-eth/internal/crypto/pools.go:247.2,248.33 2 0
bloco-eth/internal/crypto/pools.go:252.59,256.2 3 0
bloco-eth/internal/crypto/pools.go:259.61,262.2 2 0
bloco-eth/internal/crypto/pools.go:265.45,267.2 1 0
bloco-eth/internal/crypto/pools.go:270.48,271.30 1 0
bloco-eth/internal/crypto/pools.go:271.30,273.22 1 0
bloco-eth/internal/crypto/pools.go:273.22,275.4 1 0
bloco-eth/internal/crypto/pools.go:277.2,277.28 1 0
bloco-eth/internal/crypto/pools.go:281.37,287.2 1 0
bloco-eth/internal/crypto/pools.go:290.42,298.2 1 0
bloco-eth/internal/crypto/random.go:16.46,20.2 1 3
bloco-eth/internal/crypto/random.go:23.64,24.20 1 8
bloco-eth/internal/crypto/random.go:24.20,26.3 1 1
bloco-eth/internal/crypto/random.go:28.2,28.36 1 7
bloco-eth/internal/crypto/random.go:28.36,30.3 1 1
bloco-eth/internal/crypto/random.go:33.2,33.50 1 6
bloco-eth/internal/crypto/random.go:33.50,35.3 1 1
bloco-eth/internal/crypto/random.go:37.2,37.12 1 5
bloco-eth/internal/crypto/random.go:41.65,42.19 1 7
bloco-eth/internal/crypto/random.go:42.19,44.3 1 0
bloco-eth/internal/crypto/random.go:47.2,48.25 2 7
bloco-eth/internal/crypto/random.go:48.25,49.13 1 38
bloco-eth/internal/crypto/random.go:49.13,51.9 2 6
bloco-eth/internal/crypto/random.go:54.2,54.14 1 7
bloco-eth/internal/crypto/random.go:54.14,56.3 1 1
bloco-eth/internal/crypto/random.go:59.2,60.25 2 6
bloco-eth/internal/crypto/random.go:60.25,61.16 1 6
bloco-eth/internal/crypto/random.go:61.16,63.9 2 6
bloco-eth/internal/crypto/random.go:66.2,66.13 1 6
bloco-eth/internal/crypto/random.go:66.13,68.3 1 0
bloco-eth/internal/crypto/random.go:71.2,71.20 1 6
bloco-eth/internal/crypto/random.go:71.20,72.54 1 6
bloco-eth/internal/crypto/random.go:72.54,74.4 1 0
bloco-eth/internal/crypto/random.go:77.2,77.12 1 6
bloco-eth/internal/crypto/random.go:81.68,83.27 1 6
bloco-eth/internal/crypto/random.go:83.27,85.26 2 1536
bloco-eth/internal/crypto/random.go:85.26,86.20 1 49152
bloco-eth/internal/crypto/random.go:86.20,88.5 1 192
bloco-eth/internal/crypto/random.go:91.3,91.46 1 1536
bloco-eth/internal/crypto/random.go:91.46,93.4 1 0
bloco-eth/internal/crypto/random.go:96.2,96.12 1 6
bloco-eth/internal/crypto/random.go:106.56,111.2 1 2
bloco-eth/internal/crypto/random.go:114.83,115.17 1 5
bloco-eth/internal/crypto/random.go:115.17,117.3 1 1
bloco-eth/internal/crypto/random.go:119.2,119.24 1 4
bloco-eth/internal/crypto/random.go:119.24,121.3 1 0
bloco-eth/internal/crypto/random.go:123.2,125.16 3 4
bloco-eth/internal/crypto/random.go:125.16,127.3 1 0
bloco-eth/internal/crypto/random.go:129.2,129.17 1 4
bloco-eth/internal/crypto/random.go:129.17,131.3 1 0
bloco-eth/internal/crypto/random.go:134.2,134.18 1 4
bloco-eth/internal/crypto/random.go:134.18,135.62 1 4
bloco-eth/internal/crypto/random.go:135.62,138.23 2 0
bloco-eth/internal/crypto/random.go:138.23,140.5 1 0
bloco-eth/internal/crypto/random.go:141.4,141.19 1 0
bloco-eth/internal/crypto/random.go:141.19,143.5 1 0
bloco-eth/internal/crypto/random.go:146.4,146.79 1 0
bloco-eth/internal/crypto/random.go:146.79,148.5 1 0
bloco-eth/internal/crypto/random.go:152.2,152.19 1 4
bloco-eth/internal/crypto/random.go:156.82,158.16 1 1
bloco-eth/internal/crypto/random.go:158.16,160.3 1 0
bloco-eth/internal/crypto/random.go:162.2,162.18 1 1
bloco-eth/internal/crypto/random.go:162.18,164.3 1 0
bloco-eth/internal/crypto/random.go:169.2,170.16 2 1
bloco-eth/internal/crypto/random.go:170.16,172.3 1 0
bloco-eth/internal/crypto/random.go:175.2,175.54 1 1
bloco-eth/internal/crypto/random.go:175.54,177.3 1 0
bloco-eth/internal/crypto/random.go:179.2,179.18 1 1
bloco-eth/internal/crypto/random.go:183.74,184.20 1 1
bloco-eth/internal/crypto/random.go:184.20,186.3 1 0
bloco-eth/internal/crypto/random.go:189.2,189.61 1 1
bloco-eth/internal/crypto/random.go:189.61,191.3 1 0
bloco-eth/internal/crypto/random.go:193.2,193.12 1 1
bloco-eth/internal/crypto/random.go:200.40,202.2 1 2
bloco-eth/internal/crypto/random.go:205.50,206.17 1 2
bloco-eth/internal/crypto/random.go:206.17,208.3 1 0
bloco-eth/internal/crypto/random.go:211.2,211.22 1 2
bloco-eth/internal/crypto/random.go:211.22,213.3 1 8
bloco-eth/internal/crypto/random.go:216.2,216.14 1 2
bloco-eth/internal/crypto/random.go:221.49,222.26 1 0
bloco-eth/internal/crypto/random.go:222.26,224.3 1 0
bloco-eth/internal/crypto/random.go:229.2,232.14 2 0
bloco-eth/internal/crypto/random.go:236.60,237.31 1 0
bloco-eth/internal/crypto/random.go:237.31,239.3 1 0
bloco-eth/internal/crypto/random.go:243.57,244.17 1 0
bloco-eth/internal/crypto/random.go:244.17,246.3 1 0
bloco-eth/internal/crypto/random.go:248.2,249.25 2 0
bloco-eth/internal/crypto/random.go:249.25,251.3 1 0
bloco-eth/internal/crypto/random.go:252.2,252.13 1 0
bloco-eth/internal/crypto/random.go:262.62,264.2 1 1
bloco-eth/internal/crypto/random.go:267.53,269.2 1 1
bloco-eth/internal/crypto/random.go:272.38,274.2 1 1
bloco-eth/internal/crypto/random.go:277.38,279.2 1 0
bloco-eth/internal/crypto/random.go:282.51,284.2 1 0
bloco-eth/internal/crypto/random.go:287.45,290.2 2 0
bloco-eth/internal/crypto/validation.go:20.41,21.12 1 5
bloco-eth/internal/crypto/validation.go:22.24,23.15 1 1
bloco-eth/internal/crypto/validation.go:24.27,25.18 1 1
bloco-eth/internal/crypto/validation.go:26.25,27.16 1 1
bloco-eth/internal/crypto/validation.go:28.29,29.21 1 1
bloco-eth/internal/crypto/validation.go:30.10,31.19 1 1
bloco-eth/internal/crypto/validation.go:70.58,75.2 1 6
bloco-eth/internal/crypto/validation.go:78.51,105.2 1 6
bloco-eth/internal/crypto/validation.go:108.51,123.2 1 6
bloco-eth/internal/crypto/validation.go:126.105,143.10 6 8
bloco-eth/internal/crypto/validation.go:143.10,146.3 2 1
bloco-eth/internal/crypto/validation.go:147.2,147.10 1 8
bloco-eth/internal/crypto/validation.go:147.10,150.3 2 0
bloco-eth/internal/crypto/validation.go:151.2,151.10 1 8
bloco-eth/internal/crypto/validation.go:151.10,154.3 2 0
bloco-eth/internal/crypto/validation.go:155.2,155.14 1 8
bloco-eth/internal/crypto/validation.go:155.14,158.3 2 0
bloco-eth/internal/crypto/validation.go:160.2,160.19 1 8
bloco-eth/internal/crypto/validation.go:160.19,162.3 1 1
bloco-eth/internal/crypto/validation.go:165.2,165.12 1 7
bloco-eth/internal/crypto/validation.go:165.12,168.3 2 0
bloco-eth/internal/crypto/validation.go:168.8,168.25 1 7
bloco-eth/internal/crypto/validation.go:168.25,171.3 2 1
bloco-eth/internal/crypto/validation.go:171.8,173.3 1 6
bloco-eth/internal/crypto/validation.go:176.2,182.36 5 7
bloco-eth/internal/crypto/validation.go:182.36,186.3 3 1
bloco-eth/internal/crypto/validation.go:186.8,186.40 1 6
bloco-eth/internal/crypto/validation.go:186.40,188.3 1 1
bloco-eth/internal/crypto/validation.go:191.2,191.18 1 7
bloco-eth/internal/crypto/validation.go:191.18,196.31 3 4
bloco-eth/internal/crypto/validation.go:197.25,198.117 1 1
bloco-eth/internal/crypto/validation.go:199.28,200.117 1 0
bloco-eth/internal/crypto/validation.go:204.2,204.15 1 7
bloco-eth/internal/crypto/validation.go:208.105,224.10 5 7
bloco-eth/internal/crypto/validation.go:224.10,227.3 2 1
bloco-eth/internal/crypto/validation.go:228.2,228.14 1 7
bloco-eth/internal/crypto/validation.go:228.14,231.3 2 0
bloco-eth/internal/crypto/validation.go:233.2,233.19 1 7
bloco-eth/internal/crypto/validation.go:233.19,235.3 1 1
bloco-eth/internal/crypto/validation.go:238.2,242.24 3 6
bloco-eth/internal/crypto/validation.go:242.24,247.22 2 3
bloco-eth/internal/crypto/validation.go:247.22,250.4 2 1
bloco-eth/internal/crypto/validation.go:254.2,254.18 1 6
bloco-eth/internal/crypto/validation.go:254.18,256.36 2 4
bloco-eth/internal/crypto/validation.go:256.36,258.4 1 1
bloco-eth/internal/crypto/validation.go:259.3,263.47 3 4
bloco-eth/internal/crypto/validation.go:263.47,265.4 1 1
bloco-eth/internal/crypto/validation.go:265.9,265.71 1 3
bloco-eth/internal/crypto/validation.go:265.71,267.4 1 2
bloco-eth/internal/crypto/validation.go:270.2,270.15 1 6
bloco-eth/internal/crypto/validation.go:274.134,279.17 4 39
bloco-eth/internal/crypto/validation.go:279.17,283.3 3 2
bloco-eth/internal/crypto/validation.go:283.8,283.24 1 37
bloco-eth/internal/crypto/validation.go:283.24,287.3 3 0
bloco-eth/internal/crypto/validation.go:287.8,287.32 1 37
bloco-eth/internal/crypto/validation.go:287.32,290.3 2 4
bloco-eth/internal/crypto/validation.go:294.100,307.26 5 5
bloco-eth/internal/crypto/validation.go:307.26,309.3 1 0
bloco-eth/internal/crypto/validation.go:312.2,313.32 2 5
bloco-eth/internal/crypto/validation.go:313.32,315.3 1 1
bloco-eth/internal/crypto/validation.go:317.2,323.3 1 5
bloco-eth/internal/crypto/validation.go:327.111,340.25 5 5
bloco-eth/internal/crypto/validation.go:340.25,342.3 1 0
bloco-eth/internal/crypto/validation.go:345.2,346.15 2 5
bloco-eth/internal/crypto/validation.go:346.15,348.3 1 1
bloco-eth/internal/crypto/validation.go:348.8,348.23 1 4
bloco-eth/internal/crypto/validation.go:348.23,350.3 1 0
bloco-eth/internal/crypto/validation.go:350.8,352.3 1 4
bloco-eth/internal/crypto/validation.go:354.2,360.3 1 5
bloco-eth/internal/crypto/validation.go:364.91,368.24 2 7
bloco-eth/internal/crypto/validation.go:368.24,370.3 1 3
bloco-eth/internal/crypto/validation.go:370.8,370.33 1 4
bloco-eth/internal/crypto/validation.go:370.33,372.3 1 0
bloco-eth/internal/crypto/validation.go:372.8,372.33 1 4
bloco-eth/internal/crypto/validation.go:372.33,374.3 1 4
bloco-eth/internal/crypto/validation.go:374.8,376.3 1 0
bloco-eth/internal/crypto/validation.go:380.85,381.15 1 5
bloco-eth/internal/crypto/validation.go:381.15,383.3 1 2
bloco-eth/internal/crypto/validation.go:383.8,383.23 1 3
bloco-eth/internal/crypto/validation.go:383.23,385.3 1 2
bloco-eth/internal/crypto/validation.go:385.8,385.23 1 1
bloco-eth/internal/crypto/validation.go:385.23,387.3 1 0
bloco-eth/internal/crypto/validation.go:387.8,389.3 1 1
bloco-eth/internal/crypto/validation.go:393.164,396.17 2 4
bloco-eth/internal/crypto/validation.go:397.16,403.36 5 3
bloco-eth/internal/crypto/validation.go:403.36,404.26 1 2
bloco-eth/internal/crypto/validation.go:405.29,406.81 1 1
bloco-eth/internal/crypto/validation.go:407.27,408.80 1 1
bloco-eth/internal/crypto/validation.go:409.31,410.86 1 0
bloco-eth/internal/crypto/validation.go:414.16,417.36 3 1
bloco-eth/internal/crypto/validation.go:417.36,418.26 1 1
bloco-eth/internal/crypto/validation.go:419.29,420.90 1 0
bloco-eth/internal/crypto/validation.go:421.27,422.89 1 1
bloco-eth/internal/crypto/validation.go:423.31,424.94 1 0
bloco-eth/internal/crypto/validation.go:429.2,429.20 1 4
bloco-eth/internal/crypto/validation.go:433.73,434.32 1 63
bloco-eth/internal/crypto/validation.go:434.32,435.26 1 60
bloco-eth/internal/crypto/validation.go:436.12,437.18 1 55
bloco-eth/internal/crypto/validation.go:438.14,439.23 1 1
bloco-eth/internal/crypto/validation.go:440.14,441.23 1 1
bloco-eth/internal/crypto/validation.go:442.16,443.23 1 1
bloco-eth/internal/crypto/validation.go:444.16,445.23 1 1
bloco-eth/internal/crypto/validation.go:448.2,448.17 1 4
bloco-eth/internal/crypto/validation.go:451.79,452.32 1 10
bloco-eth/internal/crypto/validation.go:452.32,453.34 1 5
bloco-eth/internal/crypto/validation.go:453.34,455.4 1 4
bloco-eth/internal/crypto/validation.go:457.2,457.18 1 6
bloco-eth/internal/crypto/validation.go:464.93,465.17 1 3
bloco-eth/internal/crypto/validation.go:466.16,467.55 1 1
bloco-eth/internal/crypto/validation.go:468.16,469.55 1 1
bloco-eth/internal/crypto/validation.go:470.10,474.4 1 1
bloco-eth/internal/crypto/validation.go:479.67,480.17 1 2
bloco-eth/internal/crypto/validation.go:481.16,482.39 1 1
bloco-eth/internal/crypto/validation.go:483.16,484.39 1 0
bloco-eth/internal/crypto/validation.go:485.10,486.13 1 1
bloco-eth/internal/crypto/validation.go:491.118,493.2 1 1
